+---------------------------------------------------------------------+
|  Log file: mau.characterize.log                                     |
|  Compiler version: 9.7.1 (4316cda)                                  |
|  Created on: Mon Jan 10 11:05:32 2022                               |
|  Run ID: e4788498aaa87c1a                                           |
+---------------------------------------------------------------------+

Match+Action Resource Usage
--------------------------------------------------------------------------------------------------------------------------------------------------------------------------------------------------------------------------------------------------------------------------------------------------------------------------
|              1               |    2    |   3    |    4    |  5   |         6          |   7   |           8            |       9        |    10   |   11  |          12         |      13      |     14    |        15       |   16   |     17    |       18       |      19      |    20   |       21      |    22   |
|            Table             |   Dir   | Stage  |    P4   | Mem  |       Total        | Total |         Table          |     Match      |   TCAM  |  SRAM |        Match        |     Imm.     |    TCAM   |       SRAM      |   P4   |   Action  |     Ideal      |    Actual    |   TCAM  |      SRAM     |   SRAM  |
|             Name             |         |        |  Lookup | Type |       SRAMs        | TCAMs |        Entries         |      Bits      |  Over-  | Over- |       Overhead      |    Action    |    Bits   |       Bits      | Action |    Bits   |     Match      |    Match     |  Match  |     Match     |  Action |
|                              |         |        | Type(s) |      |  TOT(M/A/S/MT/I)   |       |       Requested        |      Per       |   head  |  head |      Structure      |     Data     |    Per    |       Per       |  Bits  |    Per    |    Entries-    |   Entries-   | Packing |    Packing    | Packing |
|                              |         |        |         |      |      (legend       |       |           /            |     Entry      |   Bits  |  Bits | NT/AI/AD/M/S/SL/V/I |      in      |   Entry   |      Entry      |        |   Entry   |     Number     |    Number    |   Eff.  |      Eff.     |   Eff.  |
|                              |         |        |         |      |       below)       |       |       Allocated        |   R/A(diff)    |   Per   |  Per  |       (legend       |   Overhead   | R/A(diff) |    R/A(diff)    |        | R/A(diff) |      Per       |     Per      |  Ideal/ |     Ideal/    |  Ideal/ |
|                              |         |        |         |      |                    |       |         (diff)         |                |  Entry  | Entry |        below)       |  R/A(diff)   |           |                 |        |           |     Memory     |    Memory    |  Actual |     Actual    |  Actual |
|                              |         |        |         |      |                    |       |                        |                | ver/vld |       |                     |              |           |                 |        |           |     Units      |    Units     |         |               |         |
|                              |         |        |         |      |                    |       |                        |                |         |       |                     |              |           |                 |        |           |     (bits)     |    (bits)    |         |               |         |
--------------------------------------------------------------------------------------------------------------------------------------------------------------------------------------------------------------------------------------------------------------------------------------------------------------------------
| IngressParser.$PORT_METADATA | ingress | parser |  exact  | buf  |   0 (0/0/0/0/0)    |   0   |     288 / 288 (0)      |   9 / 0 (-9)   |    0    |   0   |   0/0/0/0/0/0/0/0   | 64 / 0 (-64) | 0 / 0 (0) |    0 / 0 (0)    |   64   | 0 / 0 (0) |  1 in 2 (128)  | 1 in 1 (64)  |  - / -  |     - / -     |  - / -  |
|                              |         |        |         |      |                    |       |                        |                |         |       |                     |              |           |                 |        |           |                |              |         |               |         |
|        tbl_P4Zeek512         | ingress |   0    |    -    | sram |   0 (0/0/0/0/0)    |   0   |       0 / 0 (0)        |   0 / 0 (0)    |    0    |   0   |   0/0/0/0/0/0/0/0   |  0 / 0 (0)   | 0 / 0 (0) |    0 / 0 (0)    |   0    | 0 / 0 (0) |   0 in 0 (0)   |  1 in 0 (0)  |  - / -  |     - / -     |  - / -  |
|          tbl_bypass          | ingress |   0    |    -    | sram |   0 (0/0/0/0/0)    |   0   |       0 / 0 (0)        |   0 / 0 (0)    |    0    |   0   |   0/0/0/0/0/0/0/0   |  0 / 0 (0)   | 0 / 0 (0) |    0 / 0 (0)    |   0    | 0 / 0 (0) |   0 in 0 (0)   |  1 in 0 (0)  |  - / -  |     - / -     |  - / -  |
|          tbl_mirror          | ingress |   0    |    -    | sram |   0 (0/0/0/0/0)    |   0   |       0 / 0 (0)        |   0 / 0 (0)    |    0    |   0   |   0/0/0/0/0/0/0/0   |  0 / 0 (0)   | 0 / 0 (0) |    0 / 0 (0)    |   0    | 0 / 0 (0) |   0 in 0 (0)   |  1 in 0 (0)  |  - / -  |     - / -     |  - / -  |
|        stage 0 totals        |    -    |   -    |    -    |  -   |   0 (0/0/0/0/0)    |   0   |           -            |       -        |    -    |   -   |          -          |      -       |     -     |        -        |   -    |     -     |       -        |      -       |    -    |       -       |    -    |
|                              |         |        |         |      |                    |       |                        |                |         |       |                     |              |           |                 |        |           |                |              |         |               |         |
|        tbl_P4Zeek636         | ingress |   1    |    -    | sram |   0 (0/0/0/0/0)    |   0   |       0 / 0 (0)        |   0 / 0 (0)    |    0    |   0   |   0/0/0/0/0/0/0/0   |  0 / 0 (0)   | 0 / 0 (0) |    0 / 0 (0)    |   0    | 0 / 0 (0) |   0 in 0 (0)   |  1 in 0 (0)  |  - / -  |     - / -     |  - / -  |
|      tbl_remove_header       | ingress |   1    |    -    | sram |   0 (0/0/0/0/0)    |   0   |       0 / 0 (0)        |   0 / 0 (0)    |    0    |   0   |   0/0/0/0/0/0/0/0   |  0 / 0 (0)   | 0 / 0 (0) |    0 / 0 (0)    |   0    | 0 / 0 (0) |   0 in 0 (0)   |  1 in 0 (0)  |  - / -  |     - / -     |  - / -  |
|      tbl_take_TCP_port       | ingress |   1    |    -    | sram |   0 (0/0/0/0/0)    |   0   |       0 / 0 (0)        |   0 / 0 (0)    |    0    |   0   |   0/0/0/0/0/0/0/0   |  0 / 0 (0)   | 0 / 0 (0) |    0 / 0 (0)    |   0    | 0 / 0 (0) |   0 in 0 (0)   |  1 in 0 (0)  |  - / -  |     - / -     |  - / -  |
|      tbl_take_UDP_port       | ingress |   1    |    -    | sram |   0 (0/0/0/0/0)    |   0   |       0 / 0 (0)        |   0 / 0 (0)    |    0    |   0   |   0/0/0/0/0/0/0/0   |  0 / 0 (0)   | 0 / 0 (0) |    0 / 0 (0)    |   0    | 0 / 0 (0) |   0 in 0 (0)   |  1 in 0 (0)  |  - / -  |     - / -     |  - / -  |
|        stage 1 totals        |    -    |   -    |    -    |  -   |   0 (0/0/0/0/0)    |   0   |           -            |       -        |    -    |   -   |          -          |      -       |     -     |        -        |   -    |     -     |       -        |      -       |    -    |       -       |    -    |
|                              |         |        |         |      |                    |       |                        |                |         |       |                     |              |           |                 |        |           |                |              |         |               |         |
|         tbl_bypass_0         | ingress |   2    |    -    | sram |   0 (0/0/0/0/0)    |   0   |       0 / 0 (0)        |   0 / 0 (0)    |    0    |   0   |   0/0/0/0/0/0/0/0   |  0 / 0 (0)   | 0 / 0 (0) |    0 / 0 (0)    |   0    | 0 / 0 (0) |   0 in 0 (0)   |  1 in 0 (0)  |  - / -  |     - / -     |  - / -  |
|        stage 2 totals        |    -    |   -    |    -    |  -   |   0 (0/0/0/0/0)    |   0   |           -            |       -        |    -    |   -   |          -          |      -       |     -     |        -        |   -    |     -     |       -        |      -       |    -    |       -       |    -    |
|                              |         |        |         |      |                    |       |                        |                |         |       |                     |              |           |                 |        |           |                |              |         |               |         |
|  Ingress.malware_detection   | ingress |   3    |  exact  | sram |  80 (80/0/0/0/0)   |   0   | 100000 / 102400 (2400) | 104 / 94 (-10) |    0    |   6   |   0/0/0/0/0/0/4/2   |  2 / 2 (0)   | 0 / 0 (0) | 110 / 100 (-10) |   2    | 0 / 0 (0) |  6 in 5 (640)  | 5 in 4 (512) |  - / -  | 99.4% / 91.8% |  - / -  |
|        stage 3 totals        |    -    |   -    |    -    |  -   |  80 (80/0/0/0/0)   |   0   |           -            |       -        |    -    |   -   |          -          |      -       |     -     |        -        |   -    |     -     |       -        |      -       |    -    |       -       |    -    |
|                              |         |        |         |      |                    |       |                        |                |         |       |                     |              |           |                 |        |           |                |              |         |               |         |
|    Ingress.Payload_check     | ingress |   4    |  exact  | sram |   4 (4/0/0/0/0)    |   0   |   512 / 4096 (3584)    |  24 / 16 (-8)  |    0    |   6   |   0/0/0/0/0/0/4/2   |  2 / 2 (0)   | 0 / 0 (0) |   30 / 22 (-8)  |   2    | 0 / 0 (0) | 39 in 8 (1024) | 1 in 1 (128) |  - / -  | 99.0% / 12.5% |  - / -  |
|        stage 4 totals        |    -    |   -    |    -    |  -   |   4 (4/0/0/0/0)    |   0   |           -            |       -        |    -    |   -   |          -          |      -       |     -     |        -        |   -    |     -     |       -        |      -       |    -    |       -       |    -    |
|                              |         |        |         |      |                    |       |                        |                |         |       |                     |              |           |                 |        |           |                |              |         |               |         |
|      Ingress.L3_forward      | ingress |   5    |  exact  | sram |   4 (4/0/0/0/0)    |   0   |   512 / 4096 (3584)    |  32 / 23 (-9)  |    0    |   13  |   0/0/0/0/0/0/4/9   |  9 / 9 (0)   | 0 / 0 (0) |   45 / 36 (-9)  |   9    | 0 / 0 (0) |  3 in 1 (128)  | 1 in 1 (128) |  - / -  | 96.1% / 24.2% |  - / -  |
|           tbl_drop           | ingress |   5    |    -    | sram |   0 (0/0/0/0/0)    |   0   |       0 / 0 (0)        |   0 / 0 (0)    |    0    |   0   |   0/0/0/0/0/0/0/0   |  0 / 0 (0)   | 0 / 0 (0) |    0 / 0 (0)    |   0    | 0 / 0 (0) |   0 in 0 (0)   |  1 in 0 (0)  |  - / -  |     - / -     |  - / -  |
|     tbl_hash2_do_hash_0      | ingress |   5    |    -    |  -   |   0 (0/0/0/0/0)    |   0   |       0 / 0 (0)        |   0 / 0 (0)    |    0    |   0   |   0/0/0/0/0/0/0/0   |  0 / 0 (0)   | 0 / 0 (0) |    0 / 0 (0)    |   0    | 0 / 0 (0) |   0 in 0 (0)   |  0 in 0 (0)  |  - / -  |     - / -     |  - / -  |
|     tbl_hash3_do_hash_0      | ingress |   5    |    -    |  -   |   0 (0/0/0/0/0)    |   0   |       0 / 0 (0)        |   0 / 0 (0)    |    0    |   0   |   0/0/0/0/0/0/0/0   |  0 / 0 (0)   | 0 / 0 (0) |    0 / 0 (0)    |   0    | 0 / 0 (0) |   0 in 0 (0)   |  0 in 0 (0)  |  - / -  |     - / -     |  - / -  |
|      tbl_hash_do_hash_0      | ingress |   5    |    -    |  -   |   0 (0/0/0/0/0)    |   0   |       0 / 0 (0)        |   0 / 0 (0)    |    0    |   0   |   0/0/0/0/0/0/0/0   |  0 / 0 (0)   | 0 / 0 (0) |    0 / 0 (0)    |   0    | 0 / 0 (0) |   0 in 0 (0)   |  0 in 0 (0)  |  - / -  |     - / -     |  - / -  |
|        stage 5 totals        |    -    |   -    |    -    |  -   |   4 (4/0/0/0/0)    |   0   |           -            |       -        |    -    |   -   |          -          |      -       |     -     |        -        |   -    |     -     |       -        |      -       |    -    |       -       |    -    |
|                              |         |        |         |      |                    |       |                        |                |         |       |                     |              |           |                 |        |           |                |              |         |               |         |
|      tbl_hash2_do_hash       | ingress |   6    |    -    |  -   |   0 (0/0/0/0/0)    |   0   |       0 / 0 (0)        |   0 / 0 (0)    |    0    |   0   |   0/0/0/0/0/0/0/0   |  0 / 0 (0)   | 0 / 0 (0) |    0 / 0 (0)    |   0    | 0 / 0 (0) |   0 in 0 (0)   |  0 in 0 (0)  |  - / -  |     - / -     |  - / -  |
|      tbl_hash3_do_hash       | ingress |   6    |    -    |  -   |   0 (0/0/0/0/0)    |   0   |       0 / 0 (0)        |   0 / 0 (0)    |    0    |   0   |   0/0/0/0/0/0/0/0   |  0 / 0 (0)   | 0 / 0 (0) |    0 / 0 (0)    |   0    | 0 / 0 (0) |   0 in 0 (0)   |  0 in 0 (0)  |  - / -  |     - / -     |  - / -  |
|       tbl_hash_do_hash       | ingress |   6    |    -    |  -   |   0 (0/0/0/0/0)    |   0   |       0 / 0 (0)        |   0 / 0 (0)    |    0    |   0   |   0/0/0/0/0/0/0/0   |  0 / 0 (0)   | 0 / 0 (0) |    0 / 0 (0)    |   0    | 0 / 0 (0) |   0 in 0 (0)   |  0 in 0 (0)  |  - / -  |     - / -     |  - / -  |
|        stage 6 totals        |    -    |   -    |    -    |  -   |   0 (0/0/0/0/0)    |   0   |           -            |       -        |    -    |   -   |          -          |      -       |     -     |        -        |   -    |     -     |       -        |      -       |    -    |       -       |    -    |
|                              |         |        |         |      |                    |       |                        |                |         |       |                     |              |           |                 |        |           |                |              |         |               |         |
|        tbl_P4Zeek578         | ingress |   7    |    -    |  -   |  33 (0/0/0/33/0)   |   0   |       0 / 0 (0)        |   0 / 0 (0)    |    0    |   0   |   0/0/0/0/0/0/0/0   |  0 / 0 (0)   | 0 / 0 (0) |    0 / 0 (0)    |   0    | 0 / 0 (0) |   0 in 0 (0)   |  0 in 0 (0)  |  - / -  |     - / -     |  - / -  |
|        tbl_P4Zeek611         | ingress |   7    |    -    |  -   |  33 (0/0/0/33/0)   |   0   |       0 / 0 (0)        |   0 / 0 (0)    |    0    |   0   |   0/0/0/0/0/0/0/0   |  0 / 0 (0)   | 0 / 0 (0) |    0 / 0 (0)    |   0    | 0 / 0 (0) |   0 in 0 (0)   |  0 in 0 (0)  |  - / -  |     - / -     |  - / -  |
|        stage 7 totals        |    -    |   -    |    -    |  -   |  66 (0/0/0/66/0)   |   0   |           -            |       -        |    -    |   -   |          -          |      -       |     -     |        -        |   -    |     -     |       -        |      -       |    -    |       -       |    -    |
|                              |         |        |         |      |                    |       |                        |                |         |       |                     |              |           |                 |        |           |                |              |         |               |         |
|        tbl_P4Zeek577         | ingress |   8    |    -    |  -   |  33 (0/0/0/33/0)   |   0   |       0 / 0 (0)        |   0 / 0 (0)    |    0    |   0   |   0/0/0/0/0/0/0/0   |  0 / 0 (0)   | 0 / 0 (0) |    0 / 0 (0)    |   0    | 0 / 0 (0) |   0 in 0 (0)   |  0 in 0 (0)  |  - / -  |     - / -     |  - / -  |
|        tbl_P4Zeek610         | ingress |   8    |    -    |  -   |  33 (0/0/0/33/0)   |   0   |       0 / 0 (0)        |   0 / 0 (0)    |    0    |   0   |   0/0/0/0/0/0/0/0   |  0 / 0 (0)   | 0 / 0 (0) |    0 / 0 (0)    |   0    | 0 / 0 (0) |   0 in 0 (0)   |  0 in 0 (0)  |  - / -  |     - / -     |  - / -  |
|        stage 8 totals        |    -    |   -    |    -    |  -   |  66 (0/0/0/66/0)   |   0   |           -            |       -        |    -    |   -   |          -          |      -       |     -     |        -        |   -    |     -     |       -        |      -       |    -    |       -       |    -    |
|                              |         |        |         |      |                    |       |                        |                |         |       |                     |              |           |                 |        |           |                |              |         |               |         |
|        tbl_P4Zeek576         | ingress |   9    |    -    |  -   |  33 (0/0/0/33/0)   |   0   |       0 / 0 (0)        |   0 / 0 (0)    |    0    |   0   |   0/0/0/0/0/0/0/0   |  0 / 0 (0)   | 0 / 0 (0) |    0 / 0 (0)    |   0    | 0 / 0 (0) |   0 in 0 (0)   |  0 in 0 (0)  |  - / -  |     - / -     |  - / -  |
|        tbl_P4Zeek609         | ingress |   9    |    -    |  -   |  33 (0/0/0/33/0)   |   0   |       0 / 0 (0)        |   0 / 0 (0)    |    0    |   0   |   0/0/0/0/0/0/0/0   |  0 / 0 (0)   | 0 / 0 (0) |    0 / 0 (0)    |   0    | 0 / 0 (0) |   0 in 0 (0)   |  0 in 0 (0)  |  - / -  |     - / -     |  - / -  |
|        stage 9 totals        |    -    |   -    |    -    |  -   |  66 (0/0/0/66/0)   |   0   |           -            |       -        |    -    |   -   |          -          |      -       |     -     |        -        |   -    |     -     |       -        |      -       |    -    |       -       |    -    |
|                              |         |        |         |      |                    |       |                        |                |         |       |                     |              |           |                 |        |           |                |              |         |               |         |
|        tbl_P4Zeek584         | ingress |   10   |    -    | sram |   0 (0/0/0/0/0)    |   0   |       0 / 0 (0)        |   0 / 0 (0)    |    0    |   0   |   0/0/0/0/0/0/0/0   |  0 / 0 (0)   | 0 / 0 (0) |    0 / 0 (0)    |   0    | 0 / 0 (0) |   0 in 0 (0)   |  1 in 0 (0)  |  - / -  |     - / -     |  - / -  |
|        tbl_P4Zeek587         | ingress |   10   |    -    | sram |   0 (0/0/0/0/0)    |   0   |       0 / 0 (0)        |   0 / 0 (0)    |    0    |   0   |   0/0/0/0/0/0/0/0   |  0 / 0 (0)   | 0 / 0 (0) |    0 / 0 (0)    |   0    | 0 / 0 (0) |   0 in 0 (0)   |  1 in 0 (0)  |  - / -  |     - / -     |  - / -  |
|        tbl_P4Zeek591         | ingress |   10   |    -    | sram |   0 (0/0/0/0/0)    |   0   |       0 / 0 (0)        |   0 / 0 (0)    |    0    |   0   |   0/0/0/0/0/0/0/0   |  0 / 0 (0)   | 0 / 0 (0) |    0 / 0 (0)    |   0    | 0 / 0 (0) |   0 in 0 (0)   |  1 in 0 (0)  |  - / -  |     - / -     |  - / -  |
|        tbl_P4Zeek620         | ingress |   10   |    -    | sram |   0 (0/0/0/0/0)    |   0   |       0 / 0 (0)        |   0 / 0 (0)    |    0    |   0   |   0/0/0/0/0/0/0/0   |  0 / 0 (0)   | 0 / 0 (0) |    0 / 0 (0)    |   0    | 0 / 0 (0) |   0 in 0 (0)   |  1 in 0 (0)  |  - / -  |     - / -     |  - / -  |
|        tbl_P4Zeek624         | ingress |   10   |    -    | sram |   0 (0/0/0/0/0)    |   0   |       0 / 0 (0)        |   0 / 0 (0)    |    0    |   0   |   0/0/0/0/0/0/0/0   |  0 / 0 (0)   | 0 / 0 (0) |    0 / 0 (0)    |   0    | 0 / 0 (0) |   0 in 0 (0)   |  1 in 0 (0)  |  - / -  |     - / -     |  - / -  |
|       stage 10 totals        |    -    |   -    |    -    |  -   |   0 (0/0/0/0/0)    |   0   |           -            |       -        |    -    |   -   |          -          |      -       |     -     |        -        |   -    |     -     |       -        |      -       |    -    |       -       |    -    |
|                              |         |        |         |      |                    |       |                        |                |         |       |                     |              |           |                 |        |           |                |              |         |               |         |
|        tbl_P4Zeek596         | ingress |   11   |    -    | sram |   0 (0/0/0/0/0)    |   0   |       0 / 0 (0)        |   0 / 0 (0)    |    0    |   0   |   0/0/0/0/0/0/0/0   |  0 / 0 (0)   | 0 / 0 (0) |    0 / 0 (0)    |   0    | 0 / 0 (0) |   0 in 0 (0)   |  1 in 0 (0)  |  - / -  |     - / -     |  - / -  |
|        tbl_P4Zeek629         | ingress |   11   |    -    | sram |   0 (0/0/0/0/0)    |   0   |       0 / 0 (0)        |   0 / 0 (0)    |    0    |   9   |   0/0/0/0/0/0/0/9   |  9 / 9 (0)   | 0 / 0 (0) |    0 / 0 (0)    |   0    | 0 / 0 (0) |   0 in 0 (0)   |  1 in 0 (0)  |  - / -  |     - / -     |  - / -  |
|        tbl_add_header        | ingress |   11   |    -    | sram |   0 (0/0/0/0/0)    |   0   |       0 / 0 (0)        |   0 / 0 (0)    |    0    |   9   |   0/0/0/0/0/0/0/9   |  9 / 9 (0)   | 0 / 0 (0) |    0 / 0 (0)    |   0    | 0 / 0 (0) |   0 in 0 (0)   |  1 in 0 (0)  |  - / -  |     - / -     |  - / -  |
|         tbl_mirror_0         | ingress |   11   |    -    | sram |   0 (0/0/0/0/0)    |   0   |       0 / 0 (0)        |   0 / 0 (0)    |    0    |   0   |   0/0/0/0/0/0/0/0   |  0 / 0 (0)   | 0 / 0 (0) |    0 / 0 (0)    |   0    | 0 / 0 (0) |   0 in 0 (0)   |  1 in 0 (0)  |  - / -  |     - / -     |  - / -  |
|     tbl_set_recirculate      | ingress |   11   |    -    | sram |   0 (0/0/0/0/0)    |   0   |       0 / 0 (0)        |   0 / 0 (0)    |    0    |   9   |   0/0/0/0/0/0/0/9   |  9 / 9 (0)   | 0 / 0 (0) |    0 / 0 (0)    |   0    | 0 / 0 (0) |   0 in 0 (0)   |  1 in 0 (0)  |  - / -  |     - / -     |  - / -  |
|       stage 11 totals        |    -    |   -    |    -    |  -   |   0 (0/0/0/0/0)    |   0   |           -            |       -        |    -    |   -   |          -          |      -       |     -     |        -        |   -    |     -     |       -        |      -       |    -    |       -       |    -    |
|                              |         |        |         |      |                    |       |                        |                |         |       |                     |              |           |                 |        |           |                |              |         |               |         |
|   overall totals (ingress)   |    -    |   -    |    -    |  -   | 286 (88/0/0/198/0) |   0   |           -            |       -        |    -    |   -   |          -          |      -       |     -     |        -        |   -    |     -     |       -        |      -       |    -    |       -       |    -    |
|                              |         |        |         |      |                    |       |                        |                |         |       |                     |              |           |                 |        |           |                |              |         |               |         |
|   overall totals (egress)    |    -    |   -    |    -    |  -   |   0 (0/0/0/0/0)    |   0   |           -            |       -        |    -    |   -   |          -          |      -       |     -     |        -        |   -    |     -     |       -        |      -       |    -    |       -       |    -    |
|                              |         |        |         |      |                    |       |                        |                |         |       |                     |              |           |                 |        |           |                |              |         |               |         |
|        overall totals        |    -    |   -    |    -    |  -   | 286 (88/0/0/198/0) |   0   |           -            |       -        |    -    |   -   |          -          |      -       |     -     |        -        |   -    |     -     |       -        |      -       |    -    |       -       |    -    |
--------------------------------------------------------------------------------------------------------------------------------------------------------------------------------------------------------------------------------------------------------------------------------------------------------------------------

Total SRAMs Legend:
TOT (M/A/S/MT/I)
TOT = Total
M = Match
A = Action
S = Statistics
MT = Meter / Stateful / Selection
I = Ternary Indirection

Match Overhead Structure Legend:
NT/AI/AD/M/S/SL/V/I
NT = Next Table Pointer
AI = Action Instruction Pointer
AD = Action Data Pointer
M = Meter/Selection/Stateful Pointer
S = Statistics Pointer
SL = Selection Length
V = Entry Version
I = Immediate Action Data





+----------------------------------------------------------------+
    OVERHEAD STRUCTURES
+----------------------------------------------------------------+

+----------------------------------------------------------------+
   Ingress.L3_forward
+----------------------------------------------------------------+
Match Overhead:
  Field --version_valid-- [3:0] (4 bits)
  Field --immediate-- [8:0] (9 bits)

  Total bits: 13
+----------------------------------------------------------------+
   Ingress.Payload_check
+----------------------------------------------------------------+
Match Overhead:
  Field --version_valid-- [3:0] (4 bits)
  Field --immediate-- [1:0] (2 bits)

  Total bits: 6
+----------------------------------------------------------------+
   Ingress.malware_detection
+----------------------------------------------------------------+
Match Overhead:
  Field --version_valid-- [3:0] (4 bits)
  Field --immediate-- [1:0] (2 bits)

  Total bits: 6
+----------------------------------------------------------------+
   IngressParser.$PORT_METADATA
+----------------------------------------------------------------+
Match Overhead:

  Total bits: 0
+----------------------------------------------------------------+
   tbl_P4Zeek512
+----------------------------------------------------------------+
Match Overhead:

  Total bits: 0
+----------------------------------------------------------------+
   tbl_P4Zeek576
+----------------------------------------------------------------+
Match Overhead:

  Total bits: 0
+----------------------------------------------------------------+
   tbl_P4Zeek577
+----------------------------------------------------------------+
Match Overhead:

  Total bits: 0
+----------------------------------------------------------------+
   tbl_P4Zeek578
+----------------------------------------------------------------+
Match Overhead:

  Total bits: 0
+----------------------------------------------------------------+
   tbl_P4Zeek584
+----------------------------------------------------------------+
Match Overhead:

  Total bits: 0
+----------------------------------------------------------------+
   tbl_P4Zeek587
+----------------------------------------------------------------+
Match Overhead:

  Total bits: 0
+----------------------------------------------------------------+
   tbl_P4Zeek591
+----------------------------------------------------------------+
Match Overhead:

  Total bits: 0
+----------------------------------------------------------------+
   tbl_P4Zeek596
+----------------------------------------------------------------+
Match Overhead:

  Total bits: 0
+----------------------------------------------------------------+
   tbl_P4Zeek609
+----------------------------------------------------------------+
Match Overhead:

  Total bits: 0
+----------------------------------------------------------------+
   tbl_P4Zeek610
+----------------------------------------------------------------+
Match Overhead:

  Total bits: 0
+----------------------------------------------------------------+
   tbl_P4Zeek611
+----------------------------------------------------------------+
Match Overhead:

  Total bits: 0
+----------------------------------------------------------------+
   tbl_P4Zeek620
+----------------------------------------------------------------+
Match Overhead:

  Total bits: 0
+----------------------------------------------------------------+
   tbl_P4Zeek624
+----------------------------------------------------------------+
Match Overhead:

  Total bits: 0
+----------------------------------------------------------------+
   tbl_P4Zeek629
+----------------------------------------------------------------+
Match Overhead:
  Field --immediate-- [8:0] (9 bits)

  Total bits: 9
+----------------------------------------------------------------+
   tbl_P4Zeek636
+----------------------------------------------------------------+
Match Overhead:

  Total bits: 0
+----------------------------------------------------------------+
   tbl_add_header
+----------------------------------------------------------------+
Match Overhead:
  Field --immediate-- [8:0] (9 bits)

  Total bits: 9
+----------------------------------------------------------------+
   tbl_bypass
+----------------------------------------------------------------+
Match Overhead:

  Total bits: 0
+----------------------------------------------------------------+
   tbl_bypass_0
+----------------------------------------------------------------+
Match Overhead:

  Total bits: 0
+----------------------------------------------------------------+
   tbl_drop
+----------------------------------------------------------------+
Match Overhead:

  Total bits: 0
+----------------------------------------------------------------+
   tbl_hash2_do_hash
+----------------------------------------------------------------+
Match Overhead:

  Total bits: 0
+----------------------------------------------------------------+
   tbl_hash2_do_hash_0
+----------------------------------------------------------------+
Match Overhead:

  Total bits: 0
+----------------------------------------------------------------+
   tbl_hash3_do_hash
+----------------------------------------------------------------+
Match Overhead:

  Total bits: 0
+----------------------------------------------------------------+
   tbl_hash3_do_hash_0
+----------------------------------------------------------------+
Match Overhead:

  Total bits: 0
+----------------------------------------------------------------+
   tbl_hash_do_hash
+----------------------------------------------------------------+
Match Overhead:

  Total bits: 0
+----------------------------------------------------------------+
   tbl_hash_do_hash_0
+----------------------------------------------------------------+
Match Overhead:

  Total bits: 0
+----------------------------------------------------------------+
   tbl_mirror
+----------------------------------------------------------------+
Match Overhead:

  Total bits: 0
+----------------------------------------------------------------+
   tbl_mirror_0
+----------------------------------------------------------------+
Match Overhead:

  Total bits: 0
+----------------------------------------------------------------+
   tbl_remove_header
+----------------------------------------------------------------+
Match Overhead:

  Total bits: 0
+----------------------------------------------------------------+
   tbl_set_recirculate
+----------------------------------------------------------------+
Match Overhead:
  Field --immediate-- [8:0] (9 bits)

  Total bits: 9
+----------------------------------------------------------------+
   tbl_take_TCP_port
+----------------------------------------------------------------+
Match Overhead:

  Total bits: 0
+----------------------------------------------------------------+
   tbl_take_UDP_port
+----------------------------------------------------------------+
Match Overhead:

  Total bits: 0





+----------------------------------------------------------------+
    MATCH AND ACTION FORMATS
+----------------------------------------------------------------+

+----------------------------------------------------------------+
  Ingress.L3_forward
+----------------------------------------------------------------+
+------------------------------------------------+
   Match format for Ingress.L3_forward
+------------------------------------------------+
Stage 5:
Pack Format:
  table_word_width: 128
  memory_word_width: 128
  entries_per_table_word: 1
  number_memory_units_per_table_word: 1
  entry_list: [
    entry_number : 0
    field_list : [
       Field action [0:0]                : in bits [0:0]
       Field immediate [8:0]             : in bits [9:1]
       Field version [3:0]               : in bits [115:112]
       Field hdr.ipv4.dst_addr [15:10]   : in bits [55:50]
       Field hdr.ipv4.dst_addr [23:16]   : in bits [39:32]
       Field hdr.ipv4.dst_addr [31:24]   : in bits [47:40]
    ]
  ]
+----------------------------------------------------------------+
  Ingress.Payload_check
+----------------------------------------------------------------+
+------------------------------------------------+
   Match format for Ingress.Payload_check
+------------------------------------------------+
Stage 4:
Pack Format:
  table_word_width: 128
  memory_word_width: 128
  entries_per_table_word: 1
  number_memory_units_per_table_word: 1
  entry_list: [
    entry_number : 0
    field_list : [
       Field action [1:0]                : in bits [1:0]
       Field immediate [1:0]             : in bits [3:2]
       Field version [3:0]               : in bits [115:112]
       Field hdr.ipv4.total_len [7:2]    : in bits [47:42]
       Field hdr.ipv4.total_len [15:8]   : in bits [39:32]
    ]
  ]
+----------------------------------------------------------------+
  Ingress.malware_detection
+----------------------------------------------------------------+
+------------------------------------------------+
   Match format for Ingress.malware_detection
+------------------------------------------------+
Stage 3:
Pack Format:
  table_word_width: 512
  memory_word_width: 128
  entries_per_table_word: 5
  number_memory_units_per_table_word: 4
  entry_list: [
    entry_number : 4
    field_list : [
       Field action [1:0]                : in bits [385:384]
       Field immediate [1:0]             : in bits [387:386]
       Field version [3:0]               : in bits [499:496]
       Field meta.dst_port [7:4]         : in bits [391:388]
       Field meta.dst_port [15:8]        : in bits [399:392]
       Field meta.src_port [7:0]         : in bits [407:400]
       Field meta.src_port [15:8]        : in bits [415:408]
       Field hdr.ipv4.src_addr [7:0]     : in bits [423:416]
       Field hdr.ipv4.src_addr [15:8]    : in bits [431:424]
       Field hdr.ipv4.src_addr [23:16]   : in bits [439:432]
       Field hdr.ipv4.src_addr [31:24]   : in bits [447:440]
       Field hdr.ipv4.dst_addr [7:0]     : in bits [455:448]
       Field hdr.ipv4.dst_addr [15:8]    : in bits [463:456]
       Field hdr.ipv4.dst_addr [23:16]   : in bits [471:464]
       Field hdr.ipv4.dst_addr [31:24]   : in bits [479:472]
    ]
    entry_number : 3
    field_list : [
       Field action [1:0]                : in bits [257:256]
       Field immediate [1:0]             : in bits [259:258]
       Field version [3:0]               : in bits [371:368]
       Field meta.dst_port [7:4]         : in bits [263:260]
       Field meta.dst_port [15:8]        : in bits [271:264]
       Field meta.src_port [7:0]         : in bits [279:272]
       Field meta.src_port [15:8]        : in bits [287:280]
       Field hdr.ipv4.src_addr [7:0]     : in bits [295:288]
       Field hdr.ipv4.src_addr [15:8]    : in bits [303:296]
       Field hdr.ipv4.src_addr [23:16]   : in bits [311:304]
       Field hdr.ipv4.src_addr [31:24]   : in bits [319:312]
       Field hdr.ipv4.dst_addr [7:0]     : in bits [327:320]
       Field hdr.ipv4.dst_addr [15:8]    : in bits [335:328]
       Field hdr.ipv4.dst_addr [23:16]   : in bits [343:336]
       Field hdr.ipv4.dst_addr [31:24]   : in bits [351:344]
    ]
    entry_number : 2
    field_list : [
       Field action [1:0]                : in bits [129:128]
       Field immediate [1:0]             : in bits [131:130]
       Field version [3:0]               : in bits [243:240]
       Field meta.dst_port [7:4]         : in bits [135:132]
       Field meta.dst_port [15:8]        : in bits [143:136]
       Field meta.src_port [7:0]         : in bits [151:144]
       Field meta.src_port [15:8]        : in bits [159:152]
       Field hdr.ipv4.src_addr [7:0]     : in bits [167:160]
       Field hdr.ipv4.src_addr [15:8]    : in bits [175:168]
       Field hdr.ipv4.src_addr [23:16]   : in bits [183:176]
       Field hdr.ipv4.src_addr [31:24]   : in bits [191:184]
       Field hdr.ipv4.dst_addr [7:0]     : in bits [199:192]
       Field hdr.ipv4.dst_addr [15:8]    : in bits [207:200]
       Field hdr.ipv4.dst_addr [23:16]   : in bits [215:208]
       Field hdr.ipv4.dst_addr [31:24]   : in bits [223:216]
    ]
    entry_number : 1
    field_list : [
       Field action [1:0]                : in bits [3:2]
       Field immediate [1:0]             : in bits [7:6]
       Field version [3:0]               : in bits [375:372]
       Field meta.dst_port [7:4]         : in bits [247:244]
       Field meta.dst_port [15:8]        : in bits [111:104]
       Field meta.src_port [7:0]         : in bits [119:112]
       Field meta.src_port [15:8]        : in bits [127:120]
       Field hdr.ipv4.src_addr [7:0]     : in bits [231:224]
       Field hdr.ipv4.src_addr [15:8]    : in bits [239:232]
       Field hdr.ipv4.src_addr [23:16]   : in bits [255:248]
       Field hdr.ipv4.src_addr [31:24]   : in bits [359:352]
       Field hdr.ipv4.dst_addr [7:0]     : in bits [367:360]
       Field hdr.ipv4.dst_addr [15:8]    : in bits [383:376]
       Field hdr.ipv4.dst_addr [23:16]   : in bits [487:480]
       Field hdr.ipv4.dst_addr [31:24]   : in bits [495:488]
    ]
    entry_number : 0
    field_list : [
       Field action [1:0]                : in bits [1:0]
       Field immediate [1:0]             : in bits [5:4]
       Field version [3:0]               : in bits [99:96]
       Field meta.dst_port [7:4]         : in bits [103:100]
       Field meta.dst_port [15:8]        : in bits [15:8]
       Field meta.src_port [7:0]         : in bits [23:16]
       Field meta.src_port [15:8]        : in bits [31:24]
       Field hdr.ipv4.src_addr [7:0]     : in bits [39:32]
       Field hdr.ipv4.src_addr [15:8]    : in bits [47:40]
       Field hdr.ipv4.src_addr [23:16]   : in bits [55:48]
       Field hdr.ipv4.src_addr [31:24]   : in bits [63:56]
       Field hdr.ipv4.dst_addr [7:0]     : in bits [71:64]
       Field hdr.ipv4.dst_addr [15:8]    : in bits [79:72]
       Field hdr.ipv4.dst_addr [23:16]   : in bits [87:80]
       Field hdr.ipv4.dst_addr [31:24]   : in bits [95:88]
    ]
  ]
+----------------------------------------------------------------+
  IngressParser.$PORT_METADATA
+----------------------------------------------------------------+
+------------------------------------------------+
   Match format for IngressParser.$PORT_METADATA
+------------------------------------------------+
Stage -1:
Pack Format:
  table_word_width: 64
  memory_word_width: 64
  entries_per_table_word: 1
  number_memory_units_per_table_word: 1
  entry_list: [
    entry_number : 0
    field_list : [
       Field ig_intr_md [63:0]   : in bits [63:0]
    ]
  ]
+----------------------------------------------------------------+
  tbl_P4Zeek512
+----------------------------------------------------------------+
+------------------------------------------------+
   Match format for tbl_P4Zeek512
+------------------------------------------------+
Stage 0:
No match entries required.
+----------------------------------------------------------------+
  tbl_P4Zeek576
+----------------------------------------------------------------+
+------------------------------------------------+
   Match format for tbl_P4Zeek576
+------------------------------------------------+
Stage 9:
No match entries required.
+----------------------------------------------------------------+
  tbl_P4Zeek577
+----------------------------------------------------------------+
+------------------------------------------------+
   Match format for tbl_P4Zeek577
+------------------------------------------------+
Stage 8:
No match entries required.
+----------------------------------------------------------------+
  tbl_P4Zeek578
+----------------------------------------------------------------+
+------------------------------------------------+
   Match format for tbl_P4Zeek578
+------------------------------------------------+
Stage 7:
No match entries required.
+----------------------------------------------------------------+
  tbl_P4Zeek584
+----------------------------------------------------------------+
+------------------------------------------------+
   Match format for tbl_P4Zeek584
+------------------------------------------------+
Stage 10:
No match entries required.
+----------------------------------------------------------------+
  tbl_P4Zeek587
+----------------------------------------------------------------+
+------------------------------------------------+
   Match format for tbl_P4Zeek587
+------------------------------------------------+
Stage 10:
No match entries required.
+----------------------------------------------------------------+
  tbl_P4Zeek591
+----------------------------------------------------------------+
+------------------------------------------------+
   Match format for tbl_P4Zeek591
+------------------------------------------------+
Stage 10:
No match entries required.
+----------------------------------------------------------------+
  tbl_P4Zeek596
+----------------------------------------------------------------+
+------------------------------------------------+
   Match format for tbl_P4Zeek596
+------------------------------------------------+
Stage 11:
No match entries required.
+----------------------------------------------------------------+
  tbl_P4Zeek609
+----------------------------------------------------------------+
+------------------------------------------------+
   Match format for tbl_P4Zeek609
+------------------------------------------------+
Stage 9:
No match entries required.
+----------------------------------------------------------------+
  tbl_P4Zeek610
+----------------------------------------------------------------+
+------------------------------------------------+
   Match format for tbl_P4Zeek610
+------------------------------------------------+
Stage 8:
No match entries required.
+----------------------------------------------------------------+
  tbl_P4Zeek611
+----------------------------------------------------------------+
+------------------------------------------------+
   Match format for tbl_P4Zeek611
+------------------------------------------------+
Stage 7:
No match entries required.
+----------------------------------------------------------------+
  tbl_P4Zeek620
+----------------------------------------------------------------+
+------------------------------------------------+
   Match format for tbl_P4Zeek620
+------------------------------------------------+
Stage 10:
No match entries required.
+----------------------------------------------------------------+
  tbl_P4Zeek624
+----------------------------------------------------------------+
+------------------------------------------------+
   Match format for tbl_P4Zeek624
+------------------------------------------------+
Stage 10:
No match entries required.
+----------------------------------------------------------------+
  tbl_P4Zeek629
+----------------------------------------------------------------+
+------------------------------------------------+
   Match format for tbl_P4Zeek629
+------------------------------------------------+
Stage 11:
No match entries required.
+----------------------------------------------------------------+
  tbl_P4Zeek636
+----------------------------------------------------------------+
+------------------------------------------------+
   Match format for tbl_P4Zeek636
+------------------------------------------------+
Stage 1:
No match entries required.
+----------------------------------------------------------------+
  tbl_add_header
+----------------------------------------------------------------+
+------------------------------------------------+
   Match format for tbl_add_header
+------------------------------------------------+
Stage 11:
No match entries required.
+----------------------------------------------------------------+
  tbl_bypass
+----------------------------------------------------------------+
+------------------------------------------------+
   Match format for tbl_bypass
+------------------------------------------------+
Stage 0:
No match entries required.
+----------------------------------------------------------------+
  tbl_bypass_0
+----------------------------------------------------------------+
+------------------------------------------------+
   Match format for tbl_bypass_0
+------------------------------------------------+
Stage 2:
No match entries required.
+----------------------------------------------------------------+
  tbl_drop
+----------------------------------------------------------------+
+------------------------------------------------+
   Match format for tbl_drop
+------------------------------------------------+
Stage 5:
No match entries required.
+----------------------------------------------------------------+
  tbl_hash2_do_hash
+----------------------------------------------------------------+
+------------------------------------------------+
   Match format for tbl_hash2_do_hash
+------------------------------------------------+
Stage 6:
No match entries required.
+----------------------------------------------------------------+
  tbl_hash2_do_hash_0
+----------------------------------------------------------------+
+------------------------------------------------+
   Match format for tbl_hash2_do_hash_0
+------------------------------------------------+
Stage 5:
No match entries required.
+----------------------------------------------------------------+
  tbl_hash3_do_hash
+----------------------------------------------------------------+
+------------------------------------------------+
   Match format for tbl_hash3_do_hash
+------------------------------------------------+
Stage 6:
No match entries required.
+----------------------------------------------------------------+
  tbl_hash3_do_hash_0
+----------------------------------------------------------------+
+------------------------------------------------+
   Match format for tbl_hash3_do_hash_0
+------------------------------------------------+
Stage 5:
No match entries required.
+----------------------------------------------------------------+
  tbl_hash_do_hash
+----------------------------------------------------------------+
+------------------------------------------------+
   Match format for tbl_hash_do_hash
+------------------------------------------------+
Stage 6:
No match entries required.
+----------------------------------------------------------------+
  tbl_hash_do_hash_0
+----------------------------------------------------------------+
+------------------------------------------------+
   Match format for tbl_hash_do_hash_0
+------------------------------------------------+
Stage 5:
No match entries required.
+----------------------------------------------------------------+
  tbl_mirror
+----------------------------------------------------------------+
+------------------------------------------------+
   Match format for tbl_mirror
+------------------------------------------------+
Stage 0:
No match entries required.
+----------------------------------------------------------------+
  tbl_mirror_0
+----------------------------------------------------------------+
+------------------------------------------------+
   Match format for tbl_mirror_0
+------------------------------------------------+
Stage 11:
No match entries required.
+----------------------------------------------------------------+
  tbl_remove_header
+----------------------------------------------------------------+
+------------------------------------------------+
   Match format for tbl_remove_header
+------------------------------------------------+
Stage 1:
No match entries required.
+----------------------------------------------------------------+
  tbl_set_recirculate
+----------------------------------------------------------------+
+------------------------------------------------+
   Match format for tbl_set_recirculate
+------------------------------------------------+
Stage 11:
No match entries required.
+----------------------------------------------------------------+
  tbl_take_TCP_port
+----------------------------------------------------------------+
+------------------------------------------------+
   Match format for tbl_take_TCP_port
+------------------------------------------------+
Stage 1:
No match entries required.
+----------------------------------------------------------------+
  tbl_take_UDP_port
+----------------------------------------------------------------+
+------------------------------------------------+
   Match format for tbl_take_UDP_port
+------------------------------------------------+
Stage 1:
No match entries required.
