+-----------------------------------------------------------+
|  Compiler version: 9.7.1
|  Created: Mon Jan 10 11:05:32 2022
|  Run ID: e4788498aaa87c1a
+-----------------------------------------------------------+

ingress MAU Features by Stage
------------------------------------------------------------------------------------------------------------------------
|   Stage  |   Exact  |  Ternary |   Statistics   |      Meter     |    Selector    |    Stateful    |   Dependency   |
|  Number  |          |          |                |   LPF or WRED  |   (max words)  |                |   to Previous  |
------------------------------------------------------------------------------------------------------------------------
|     0    |    No    |    Yes   |       No       |       No       |     No (0)     |       No       |      match     |
|     1    |    No    |    Yes   |       No       |       No       |     No (0)     |       No       |     action     |
|     2    |    No    |    Yes   |       No       |       No       |     No (0)     |       No       |     action     |
|     3    |    Yes   |    No    |       No       |       No       |     No (0)     |       No       |      match     |
|     4    |    Yes   |    No    |       No       |       No       |     No (0)     |       No       |      match     |
|     5    |    Yes   |    Yes   |       No       |       No       |     No (0)     |       No       |      match     |
|     6    |    Yes   |    No    |       No       |       No       |     No (0)     |       No       |      match     |
|     7    |    Yes   |    No    |       No       |       No       |     No (0)     |       Yes      |      match     |
|     8    |    Yes   |    No    |       No       |       No       |     No (0)     |       Yes      |     action     |
|     9    |    Yes   |    No    |       No       |       No       |     No (0)     |       Yes      |     action     |
|    10    |    No    |    Yes   |       No       |       No       |     No (0)     |       No       |      match     |
|    11    |    No    |    Yes   |       No       |       No       |     No (0)     |       No       |      match     |
------------------------------------------------------------------------------------------------------------------------

egress MAU Features by Stage
------------------------------------------------------------------------------------------------------------------------
|   Stage  |   Exact  |  Ternary |   Statistics   |      Meter     |    Selector    |    Stateful    |   Dependency   |
|  Number  |          |          |                |   LPF or WRED  |   (max words)  |                |   to Previous  |
------------------------------------------------------------------------------------------------------------------------
|     0    |    No    |    No    |       No       |       No       |     No (0)     |       No       |      match     |
|     1    |    No    |    No    |       No       |       No       |     No (0)     |       No       |      match     |
|     2    |    No    |    No    |       No       |       No       |     No (0)     |       No       |      match     |
|     3    |    No    |    No    |       No       |       No       |     No (0)     |       No       |      match     |
|     4    |    No    |    No    |       No       |       No       |     No (0)     |       No       |      match     |
|     5    |    No    |    No    |       No       |       No       |     No (0)     |       No       |      match     |
|     6    |    No    |    No    |       No       |       No       |     No (0)     |       No       |      match     |
|     7    |    No    |    No    |       No       |       No       |     No (0)     |       No       |      match     |
|     8    |    No    |    No    |       No       |       No       |     No (0)     |       No       |   concurrent   |
|     9    |    No    |    No    |       No       |       No       |     No (0)     |       No       |   concurrent   |
|    10    |    No    |    No    |       No       |       No       |     No (0)     |       No       |   concurrent   |
|    11    |    No    |    No    |       No       |       No       |     No (0)     |       No       |   concurrent   |
------------------------------------------------------------------------------------------------------------------------


ingress MAU Latency
---------------------------------------------------------------------------
|   Stage  |   Clock  |   Predication  |   Dependency   |   Cycles Add   |
|  Number  |  Cycles  |      Cycle     |   to Previous  |   to Latency   |
---------------------------------------------------------------------------
|     0    |    22    |       13       |      match     |       22       |
|     1    |    22    |       13       |     action     |        2       |
|     2    |    22    |       13       |     action     |        2       |
|     3    |    20    |       11       |      match     |       20       |
|     4    |    20    |       11       |      match     |       20       |
|     5    |    22    |       13       |      match     |       22       |
|     6    |    20    |       11       |      match     |       20       |
|     7    |    24    |       11       |      match     |       24       |
|     8    |    24    |       11       |     action     |        2       |
|     9    |    24    |       11       |     action     |        2       |
|    10    |    22    |       13       |      match     |       22       |
|    11    |    22    |       13       |      match     |       22       |
---------------------------------------------------------------------------
Total latency for ingress: 184

egress MAU Latency
---------------------------------------------------------------------------
|   Stage  |   Clock  |   Predication  |   Dependency   |   Cycles Add   |
|  Number  |  Cycles  |      Cycle     |   to Previous  |   to Latency   |
---------------------------------------------------------------------------
|     0    |    20    |       11       |      match     |       20       |
|     1    |    20    |       11       |      match     |       20       |
|     2    |    20    |       11       |      match     |       20       |
|     3    |    20    |       11       |      match     |       20       |
|     4    |    20    |       11       |      match     |       20       |
|     5    |    20    |       11       |      match     |       20       |
|     6    |    20    |       11       |      match     |       20       |
|     7    |    20    |       11       |      match     |       20       |
|     8    |    20    |       11       |   concurrent   |        1       |
|     9    |    20    |       11       |   concurrent   |        1       |
|    10    |    20    |       11       |   concurrent   |        1       |
|    11    |    20    |       11       |   concurrent   |        1       |
---------------------------------------------------------------------------
Total latency for egress: 168



Worst case ingress table flow
---------------------------------------------------------------------------------------------
|   Stage  |          Table Name         |   Always Run   |     Weight     |   Percentage   |
---------------------------------------------------------------------------------------------
|     0    |        tbl_P4Zeek512        |       No       |      6.33      |      1.83%     |
|     0    |          tbl_bypass         |       No       |      6.33      |      1.83%     |
|     0    |          tbl_mirror         |       No       |      6.33      |      1.83%     |
|     1    |        tbl_P4Zeek636        |       No       |      6.33      |      1.83%     |
|     1    |      tbl_remove_header      |       No       |      6.33      |      1.83%     |
|     1    |      tbl_take_TCP_port      |       No       |      6.33      |      1.83%     |
|     1    |      tbl_take_UDP_port      |       No       |      6.33      |      1.83%     |
|     2    |         tbl_bypass_0        |       No       |      6.33      |      1.83%     |
|     3    |  Ingress.malware_detection  |       No       |     126.54     |     36.69%     |
|     4    |    Ingress.Payload_check    |       No       |      25.31     |      7.34%     |
|     5    |     tbl_hash2_do_hash_0     |       No       |      0.00      |      0.00%     |
|     5    |     tbl_hash3_do_hash_0     |       No       |      0.00      |      0.00%     |
|     5    |      tbl_hash_do_hash_0     |       No       |      0.00      |      0.00%     |
|     7    |        tbl_P4Zeek611        |       No       |      0.00      |      0.00%     |
|     8    |        tbl_P4Zeek610        |       No       |      0.00      |      0.00%     |
|     8    |        tbl_P4Zeek577        |       Yes      |      61.70     |     17.89%     |
|     9    |        tbl_P4Zeek609        |       No       |      0.00      |      0.00%     |
|     9    |        tbl_P4Zeek576        |       Yes      |      61.70     |     17.89%     |
|    10    |        tbl_P4Zeek620        |       No       |      6.33      |      1.83%     |
|    10    |        tbl_P4Zeek624        |       No       |      6.33      |      1.83%     |
|    11    |        tbl_P4Zeek629        |       No       |      6.33      |      1.83%     |
|    11    |         tbl_mirror_0        |       No       |      6.33      |      1.83%     |
|          |                             |                |                |                |
|   Total  |                             |                |     344.84     |      100%      |
---------------------------------------------------------------------------------------------
  * A 'Yes' value in the Always Run column indicates that a table, though not 
    on the critical path, could not be predicated off, since the stage it is 
    located in has a concurrent or action dependency to the previous stage.

Worst case power for ingress: 5.25 W


Worst case egress table flow
---------------------------------------------------------------------------------------------
|   Stage  |          Table Name         |   Always Run   |     Weight     |   Percentage   |
---------------------------------------------------------------------------------------------
|          |                             |                |                |                |
|   Total  |                             |                |      0.00      |      100%      |
---------------------------------------------------------------------------------------------
Worst case power for egress: 0.00 W


Total worst case power: 5.25 W
Input packets per second load : 100%
