Parser Characterization Report:
Number of states on ingress: 8

Number of matches on ingress: 11

Longest path (7 states) on ingress:
    $entry_point
    start
    parse_record
    parse_ipv4
    parse_ipv4.$split_0
    parse_tcp
    parse_tcp.$split_0

Shortest path (4 states) on ingress:
    $entry_point
    start
    parse_ipv4
    parse_ipv4.$split_0

Timing is met for min-sized packet (73 B) running at 100 Gbps

Extractor usage:
+---------------------+--------+-------+--------+--------+------------------+-------+
|State                |Match   |8-bit  |16-bit  |32-bit  |Total Extractors  |Other  |
+---------------------+--------+-------+--------+--------+------------------+-------+
|$entry_point         |*       |0      |1       |1       |2                 |       |
|start                |0xbf03  |1      |3       |2       |6                 |       |
|-                    |0x0800  |1      |3       |2       |6                 |       |
|parse_record         |*       |1      |1       |1       |3                 |       |
|parse_ipv4           |*       |4      |2       |3       |9                 |       |
|parse_ipv4.$split_0  |0x06    |1      |0       |0       |1                 |       |
|-                    |0x11    |1      |0       |0       |1                 |       |
|-                    |0x**    |1      |0       |0       |1                 |       |
|parse_udp            |*       |1      |2       |1       |4                 |       |
|parse_tcp            |*       |3      |4       |1       |8                 |       |
|parse_tcp.$split_0   |*       |0      |3       |0       |3                 |       |
+---------------------+--------+-------+--------+--------+------------------+-------+
Number of states on egress: 1

Number of matches on egress: 1

Longest path (1 states) on egress:
    $entry_point.start

Shortest path (1 states) on egress:
    $entry_point.start

Timing is met for min-sized packet (73 B) running at 100 Gbps

Extractor usage:
+--------------------+-------+-------+--------+--------+------------------+-------+
|State               |Match  |8-bit  |16-bit  |32-bit  |Total Extractors  |Other  |
+--------------------+-------+-------+--------+--------+------------------+-------+
|$entry_point.start  |*      |0      |1       |0       |1                 |       |
+--------------------+-------+-------+--------+--------+------------------+-------+
