Allocation history of config default_alloc_config
1: TRYING to allocate SUPERCLUSTER Uid: 1930
    slice lists:	
        [ ingress::ig_intr_md_for_tm.ucast_egress_port<9> ^0 meta intrinsic solitary no_split deparsed_bottom_bits deparsed_to_tm [0:8] ]
    rotational clusters:	
        [[ingress::ig_intr_md_for_tm.ucast_egress_port<9> ^0 meta intrinsic solitary no_split deparsed_bottom_bits deparsed_to_tm [0:8]]]
Successfully Allocated
By slicing into the following superclusters:
SUPERCLUSTER Uid: 1965
    slice lists:	
        [ ingress::ig_intr_md_for_tm.ucast_egress_port<9> ^0 meta intrinsic solitary no_split deparsed_bottom_bits deparsed_to_tm [0:8] ]
    rotational clusters:	
        [[ingress::ig_intr_md_for_tm.ucast_egress_port<9> ^0 meta intrinsic solitary no_split deparsed_bottom_bits deparsed_to_tm [0:8]]]

Best Score: {[n_inc_containers: 1, n_wasted_bits: 7, n_inc_small_containers: 1, ], }
Allocation Decisions:
allocate: H0[0:8] <- ingress::ig_intr_md_for_tm.ucast_egress_port<9> ^0 meta intrinsic solitary no_split deparsed_bottom_bits deparsed_to_tm [0:8] @[-1r,8w]
2: TRYING to allocate SUPERCLUSTER Uid: 1888
    slice lists:	[ ]
    rotational clusters:	
        [[ingress::ig_intr_md_for_dprsr.mirror_type<3> meta intrinsic solitary no_split deparsed_bottom_bits [0:2]]]
Successfully Allocated
By slicing into the following superclusters:
SUPERCLUSTER Uid: 1966
    slice lists:	[ ]
    rotational clusters:	
        [[ingress::ig_intr_md_for_dprsr.mirror_type<3> meta intrinsic solitary no_split deparsed_bottom_bits [0:2]]]

Best Score: {[n_inc_containers: 1, n_wasted_bits: 5, n_inc_small_containers: 1, ], }
Allocation Decisions:
allocate: B0[0:2] <- ingress::ig_intr_md_for_dprsr.mirror_type<3> meta intrinsic solitary no_split deparsed_bottom_bits [0:2] @[-1r,8w]
3: TRYING to allocate SUPERCLUSTER Uid: 1892
    slice lists:	
        [ ingress::meta.mirror_session<10> meta mirror%{43:ingress::ig_intr_md_for_dprsr.mirror_type#0}% no_split exact_containers [0:9]
          ingress::__phv_dummy_padding__<6> exact_containers [0:5] ]
    rotational clusters:	
        [[ingress::meta.mirror_session<10> meta mirror%{43:ingress::ig_intr_md_for_dprsr.mirror_type#0}% no_split exact_containers [0:9]]]
        [[ingress::__phv_dummy_padding__<6> exact_containers [0:5]]]
Successfully Allocated
By slicing into the following superclusters:
SUPERCLUSTER Uid: 1970
    slice lists:	
        [ ingress::meta.mirror_session<10> meta mirror%{43:ingress::ig_intr_md_for_dprsr.mirror_type#0}% no_split exact_containers [0:9]
          ingress::__phv_dummy_padding__<6> exact_containers [0:5] ]
    rotational clusters:	
        [[ingress::meta.mirror_session<10> meta mirror%{43:ingress::ig_intr_md_for_dprsr.mirror_type#0}% no_split exact_containers [0:9]]]
        [[ingress::__phv_dummy_padding__<6> exact_containers [0:5]]]

Best Score: {[n_inc_containers: 1, n_inc_small_containers: 1, ], }
Allocation Decisions:
allocate: H1[0:9] <- ingress::meta.mirror_session<10> meta mirror%{43:ingress::ig_intr_md_for_dprsr.mirror_type#0}% no_split exact_containers [0:9] @[-1r,8w]
4: TRYING to allocate SUPERCLUSTER Uid: 1940
    slice lists:	
        [ egress::eg_intr_md.egress_port<9> ^0 ^bit[0..15] intrinsic no_split deparsed_bottom_bits deparsed_to_tm [0:8]
          egress::eg_intr_md._pad0<7> intrinsic deparsed_to_tm [0:6] ]
    rotational clusters:	
        [[egress::eg_intr_md.egress_port<9> ^0 ^bit[0..15] intrinsic no_split deparsed_bottom_bits deparsed_to_tm [0:8]]]
        [[egress::eg_intr_md._pad0<7> intrinsic deparsed_to_tm [0:6]]]
Successfully Allocated
By slicing into the following superclusters:
SUPERCLUSTER Uid: 1974
    slice lists:	
        [ egress::eg_intr_md.egress_port<9> ^0 ^bit[0..15] intrinsic no_split deparsed_bottom_bits deparsed_to_tm [0:8]
          egress::eg_intr_md._pad0<7> intrinsic deparsed_to_tm [0:6] ]
    rotational clusters:	
        [[egress::eg_intr_md.egress_port<9> ^0 ^bit[0..15] intrinsic no_split deparsed_bottom_bits deparsed_to_tm [0:8]]]
        [[egress::eg_intr_md._pad0<7> intrinsic deparsed_to_tm [0:6]]]

Best Score: {[n_inc_containers: 1, n_inc_small_containers: 1, ], }
Allocation Decisions:
allocate: H16[0:8] <- egress::eg_intr_md.egress_port<9> ^0 ^bit[0..15] intrinsic no_split deparsed_bottom_bits deparsed_to_tm [0:8] @[-1r,8w]
5: TRYING to allocate SUPERCLUSTER Uid: 1887
    slice lists:	[ ]
    rotational clusters:	
        [[ingress::ig_intr_md_for_dprsr.drop_ctl<3> meta intrinsic no_split deparsed_to_tm [0:2]]]
Successfully Allocated
By slicing into the following superclusters:
SUPERCLUSTER Uid: 1975
    slice lists:	[ ]
    rotational clusters:	
        [[ingress::ig_intr_md_for_dprsr.drop_ctl<3> meta intrinsic no_split deparsed_to_tm [0:2]]]

Best Score: {[n_inc_containers: 1, n_inc_small_containers: 1, ], }
Allocation Decisions:
allocate: B1[0:2] <- ingress::ig_intr_md_for_dprsr.drop_ctl<3> meta intrinsic no_split deparsed_to_tm [0:2] @[-1r,8w]
6: TRYING to allocate SUPERCLUSTER Uid: 1931
    slice lists:	[ ]
    rotational clusters:	
        [[ingress::ig_intr_md_for_tm.bypass_egress<1> meta intrinsic no_split deparsed_to_tm [0:0]]]
Successfully Allocated
By slicing into the following superclusters:
SUPERCLUSTER Uid: 1976
    slice lists:	[ ]
    rotational clusters:	
        [[ingress::ig_intr_md_for_tm.bypass_egress<1> meta intrinsic no_split deparsed_to_tm [0:0]]]

Best Score: {[n_packing_bits: 1, n_packing_priority: 100000, ], }
Allocation Decisions:
allocate: B1[3:3] <- ingress::ig_intr_md_for_tm.bypass_egress<1> meta intrinsic no_split deparsed_to_tm [0:0] @[-1r,8w]
7: TRYING to allocate SUPERCLUSTER Uid: 1877
    slice lists:	
        [ ingress::meta.data_offset<4> meta mirror%{43:ingress::ig_intr_md_for_dprsr.mirror_type#9}% exact_containers [0:3]
          ingress::$pad4<4> deparsed exact_containers [0:3] ]
        [ ingress::hdr.tcp.res<4> ^0 ^bit[0..103] deparsed exact_containers [0:3]
          ingress::hdr.tcp.data_offset<4> ^4 ^bit[0..99] deparsed exact_containers [0:3] ]
    rotational clusters:	
        [[ingress::meta.data_offset<4> meta mirror%{43:ingress::ig_intr_md_for_dprsr.mirror_type#9}% exact_containers [0:3]], [ingress::hdr.tcp.data_offset<4> ^4 ^bit[0..99] deparsed exact_containers [0:3]]]
        [[ingress::$pad4<4> deparsed exact_containers [0:3]]]
        [[ingress::hdr.tcp.res<4> ^0 ^bit[0..103] deparsed exact_containers [0:3]]]
Successfully Allocated
By slicing into the following superclusters:
SUPERCLUSTER Uid: 1980
    slice lists:	
        [ ingress::meta.data_offset<4> meta mirror%{43:ingress::ig_intr_md_for_dprsr.mirror_type#9}% exact_containers [0:3]
          ingress::$pad4<4> deparsed exact_containers [0:3] ]
        [ ingress::hdr.tcp.res<4> ^0 ^bit[0..103] deparsed exact_containers [0:3]
          ingress::hdr.tcp.data_offset<4> ^4 ^bit[0..99] deparsed exact_containers [0:3] ]
    rotational clusters:	
        [[ingress::meta.data_offset<4> meta mirror%{43:ingress::ig_intr_md_for_dprsr.mirror_type#9}% exact_containers [0:3]], [ingress::hdr.tcp.data_offset<4> ^4 ^bit[0..99] deparsed exact_containers [0:3]]]
        [[ingress::$pad4<4> deparsed exact_containers [0:3]]]
        [[ingress::hdr.tcp.res<4> ^0 ^bit[0..103] deparsed exact_containers [0:3]]]

Best Score: {tphv_on_phv_bits: 4, [n_inc_containers: 2, n_inc_small_containers: 2, ], }
Allocation Decisions:
allocate: B2[0:3] <- ingress::hdr.tcp.res<4> ^0 ^bit[0..103] deparsed exact_containers [0:3] @[-1r,8w]
allocate: B2[4:7] <- ingress::hdr.tcp.data_offset<4> ^4 ^bit[0..99] deparsed exact_containers [0:3] @[-1r,8w]
allocate: B3[0:3] <- ingress::meta.data_offset<4> meta mirror%{43:ingress::ig_intr_md_for_dprsr.mirror_type#9}% exact_containers [0:3] @[-1r,8w]
allocate: B3[4:7] <- ingress::$pad4<4> deparsed exact_containers [0:3] @[-1r,8w]
8: TRYING to allocate SUPERCLUSTER Uid: 1875
    slice lists:	
        [ ingress::hdr.tcp.fin<1> ^0 ^bit[0..111] deparsed exact_containers [0:0]
          ingress::hdr.tcp.syn<1> ^1 ^bit[0..110] deparsed exact_containers [0:0]
          ingress::hdr.tcp.reset<1> ^2 ^bit[0..109] deparsed exact_containers [0:0]
          ingress::hdr.tcp.push<1> ^3 ^bit[0..108] deparsed exact_containers [0:0]
          ingress::hdr.tcp.ack<1> ^4 ^bit[0..107] deparsed exact_containers [0:0]
          ingress::hdr.tcp.urg<1> ^5 ^bit[0..106] deparsed exact_containers [0:0]
          ingress::hdr.tcp.ecn<1> ^6 ^bit[0..105] deparsed exact_containers [0:0]
          ingress::hdr.tcp.cwr<1> ^7 ^bit[0..104] deparsed exact_containers [0:0] ]
    rotational clusters:	
        [[ingress::hdr.tcp.fin<1> ^0 ^bit[0..111] deparsed exact_containers [0:0]]]
        [[ingress::hdr.tcp.syn<1> ^1 ^bit[0..110] deparsed exact_containers [0:0]]]
        [[ingress::hdr.tcp.reset<1> ^2 ^bit[0..109] deparsed exact_containers [0:0]]]
        [[ingress::hdr.tcp.push<1> ^3 ^bit[0..108] deparsed exact_containers [0:0]]]
        [[ingress::hdr.tcp.ack<1> ^4 ^bit[0..107] deparsed exact_containers [0:0]]]
        [[ingress::hdr.tcp.urg<1> ^5 ^bit[0..106] deparsed exact_containers [0:0]]]
        [[ingress::hdr.tcp.ecn<1> ^6 ^bit[0..105] deparsed exact_containers [0:0]]]
        [[ingress::hdr.tcp.cwr<1> ^7 ^bit[0..104] deparsed exact_containers [0:0]]]
Successfully Allocated
By slicing into the following superclusters:
SUPERCLUSTER Uid: 1984
    slice lists:	
        [ ingress::hdr.tcp.fin<1> ^0 ^bit[0..111] deparsed exact_containers [0:0]
          ingress::hdr.tcp.syn<1> ^1 ^bit[0..110] deparsed exact_containers [0:0]
          ingress::hdr.tcp.reset<1> ^2 ^bit[0..109] deparsed exact_containers [0:0]
          ingress::hdr.tcp.push<1> ^3 ^bit[0..108] deparsed exact_containers [0:0]
          ingress::hdr.tcp.ack<1> ^4 ^bit[0..107] deparsed exact_containers [0:0]
          ingress::hdr.tcp.urg<1> ^5 ^bit[0..106] deparsed exact_containers [0:0]
          ingress::hdr.tcp.ecn<1> ^6 ^bit[0..105] deparsed exact_containers [0:0]
          ingress::hdr.tcp.cwr<1> ^7 ^bit[0..104] deparsed exact_containers [0:0] ]
    rotational clusters:	
        [[ingress::hdr.tcp.fin<1> ^0 ^bit[0..111] deparsed exact_containers [0:0]]]
        [[ingress::hdr.tcp.syn<1> ^1 ^bit[0..110] deparsed exact_containers [0:0]]]
        [[ingress::hdr.tcp.reset<1> ^2 ^bit[0..109] deparsed exact_containers [0:0]]]
        [[ingress::hdr.tcp.push<1> ^3 ^bit[0..108] deparsed exact_containers [0:0]]]
        [[ingress::hdr.tcp.ack<1> ^4 ^bit[0..107] deparsed exact_containers [0:0]]]
        [[ingress::hdr.tcp.urg<1> ^5 ^bit[0..106] deparsed exact_containers [0:0]]]
        [[ingress::hdr.tcp.ecn<1> ^6 ^bit[0..105] deparsed exact_containers [0:0]]]
        [[ingress::hdr.tcp.cwr<1> ^7 ^bit[0..104] deparsed exact_containers [0:0]]]

Best Score: {n_inc_tphv_collections: 1, T[n_set_gress: 1, n_set_parser_group_gress: 1, n_set_deparser_group_gress: 1, n_inc_containers: 1, ], }
Allocation Decisions:
allocate: TB0[0:0] <- ingress::hdr.tcp.fin<1> ^0 ^bit[0..111] deparsed exact_containers [0:0] @[-1r,8w]
allocate: TB0[1:1] <- ingress::hdr.tcp.syn<1> ^1 ^bit[0..110] deparsed exact_containers [0:0] @[-1r,8w]
allocate: TB0[2:2] <- ingress::hdr.tcp.reset<1> ^2 ^bit[0..109] deparsed exact_containers [0:0] @[-1r,8w]
allocate: TB0[3:3] <- ingress::hdr.tcp.push<1> ^3 ^bit[0..108] deparsed exact_containers [0:0] @[-1r,8w]
allocate: TB0[4:4] <- ingress::hdr.tcp.ack<1> ^4 ^bit[0..107] deparsed exact_containers [0:0] @[-1r,8w]
allocate: TB0[5:5] <- ingress::hdr.tcp.urg<1> ^5 ^bit[0..106] deparsed exact_containers [0:0] @[-1r,8w]
allocate: TB0[6:6] <- ingress::hdr.tcp.ecn<1> ^6 ^bit[0..105] deparsed exact_containers [0:0] @[-1r,8w]
allocate: TB0[7:7] <- ingress::hdr.tcp.cwr<1> ^7 ^bit[0..104] deparsed exact_containers [0:0] @[-1r,8w]
9: TRYING to allocate SUPERCLUSTER Uid: 1826
    slice lists:	
        [ ingress::hdr.ipv4.ihl<4> ^0 ^bit[0..7] deparsed exact_containers [0:3]
          ingress::hdr.ipv4.version<4> ^4 ^bit[0..3] deparsed exact_containers [0:3] ]
    rotational clusters:	
        [[ingress::hdr.ipv4.ihl<4> ^0 ^bit[0..7] deparsed exact_containers [0:3]]]
        [[ingress::hdr.ipv4.version<4> ^4 ^bit[0..3] deparsed exact_containers [0:3]]]
Successfully Allocated
By slicing into the following superclusters:
SUPERCLUSTER Uid: 1988
    slice lists:	
        [ ingress::hdr.ipv4.ihl<4> ^0 ^bit[0..7] deparsed exact_containers [0:3]
          ingress::hdr.ipv4.version<4> ^4 ^bit[0..3] deparsed exact_containers [0:3] ]
    rotational clusters:	
        [[ingress::hdr.ipv4.ihl<4> ^0 ^bit[0..7] deparsed exact_containers [0:3]]]
        [[ingress::hdr.ipv4.version<4> ^4 ^bit[0..3] deparsed exact_containers [0:3]]]

Best Score: {tphv_on_phv_bits: 4, [n_inc_containers: 1, n_inc_small_containers: 1, ], }
Allocation Decisions:
allocate: B4[0:3] <- ingress::hdr.ipv4.ihl<4> ^0 ^bit[0..7] deparsed exact_containers [0:3] @[-1r,8w]
allocate: B4[4:7] <- ingress::hdr.ipv4.version<4> ^4 ^bit[0..3] deparsed exact_containers [0:3] @[-1r,8w]
10: TRYING to allocate SUPERCLUSTER Uid: 1832
    slice lists:	
        [ ingress::hdr.ipv4.ttl<8> ^0 ^bit[0..71] deparsed exact_containers [0:7] ]
    rotational clusters:	
        [[ingress::hdr.ipv4.ttl<8> ^0 ^bit[0..71] deparsed exact_containers [0:7]]]
Successfully Allocated
By slicing into the following superclusters:
SUPERCLUSTER Uid: 1992
    slice lists:	
        [ ingress::hdr.ipv4.ttl<8> ^0 ^bit[0..71] deparsed exact_containers [0:7] ]
    rotational clusters:	
        [[ingress::hdr.ipv4.ttl<8> ^0 ^bit[0..71] deparsed exact_containers [0:7]]]

Best Score: {T[n_set_parser_group_gress: 1, n_inc_containers: 1, ], }
Allocation Decisions:
allocate: TB1[0:7] <- ingress::hdr.ipv4.ttl<8> ^0 ^bit[0..71] deparsed exact_containers [0:7] @[-1r,8w]
11: TRYING to allocate SUPERCLUSTER Uid: 1836
    slice lists:	
        [ ingress::hdr.ipv4.diffserv<8> ^0 ^bit[0..15] deparsed exact_containers [0:7] ]
    rotational clusters:	
        [[ingress::hdr.ipv4.diffserv<8> ^0 ^bit[0..15] deparsed exact_containers [0:7]]]
Successfully Allocated
By slicing into the following superclusters:
SUPERCLUSTER Uid: 1996
    slice lists:	
        [ ingress::hdr.ipv4.diffserv<8> ^0 ^bit[0..15] deparsed exact_containers [0:7] ]
    rotational clusters:	
        [[ingress::hdr.ipv4.diffserv<8> ^0 ^bit[0..15] deparsed exact_containers [0:7]]]

Best Score: {T[n_set_parser_group_gress: 1, n_inc_containers: 1, ], }
Allocation Decisions:
allocate: TB2[0:7] <- ingress::hdr.ipv4.diffserv<8> ^0 ^bit[0..15] deparsed exact_containers [0:7] @[-1r,8w]
12: TRYING to allocate SUPERCLUSTER Uid: 1840
    slice lists:	
        [ ingress::hdr.ipv4.protocol<8> ^0 ^bit[0..79] deparsed exact_containers [0:7] ]
    rotational clusters:	
        [[ingress::hdr.ipv4.protocol<8> ^0 ^bit[0..79] deparsed exact_containers [0:7]]]
Successfully Allocated
By slicing into the following superclusters:
SUPERCLUSTER Uid: 2000
    slice lists:	
        [ ingress::hdr.ipv4.protocol<8> ^0 ^bit[0..79] deparsed exact_containers [0:7] ]
    rotational clusters:	
        [[ingress::hdr.ipv4.protocol<8> ^0 ^bit[0..79] deparsed exact_containers [0:7]]]

Best Score: {[n_inc_containers: 1, n_inc_small_containers: 1, ], }
Allocation Decisions:
allocate: B5[0:7] <- ingress::hdr.ipv4.protocol<8> ^0 ^bit[0..79] deparsed exact_containers [0:7] @[-1r,8w]
13: TRYING to allocate SUPERCLUSTER Uid: 1923
    slice lists:	
        [ ingress::meta.times<8> meta mirror%{43:ingress::ig_intr_md_for_dprsr.mirror_type#11}% exact_containers [0:7] ]
    rotational clusters:	
        [[ingress::meta.times<8> meta mirror%{43:ingress::ig_intr_md_for_dprsr.mirror_type#11}% exact_containers [0:7]]]
Successfully Allocated
By slicing into the following superclusters:
SUPERCLUSTER Uid: 2004
    slice lists:	
        [ ingress::meta.times<8> meta mirror%{43:ingress::ig_intr_md_for_dprsr.mirror_type#11}% exact_containers [0:7] ]
    rotational clusters:	
        [[ingress::meta.times<8> meta mirror%{43:ingress::ig_intr_md_for_dprsr.mirror_type#11}% exact_containers [0:7]]]

Best Score: {[n_inc_containers: 1, n_inc_small_containers: 1, ], }
Allocation Decisions:
allocate: B6[0:7] <- ingress::meta.times<8> meta mirror%{43:ingress::ig_intr_md_for_dprsr.mirror_type#11}% exact_containers [0:7] @[-1r,8w]
14: TRYING to allocate SUPERCLUSTER Uid: 1917
    slice lists:	
        [ ingress::meta.in_time<48> meta mirror%{43:ingress::ig_intr_md_for_dprsr.mirror_type#10}% exact_containers [0:31] ]
        [ ingress::ig_intr_md_from_prsr.global_tstamp<48> ^0 ^bit[0..479] meta intrinsic exact_containers [0:31] ]
        [ ingress::hdr.record.in_time<48> ^0 ^bit[0..47] deparsed exact_containers [0:31] ]
    rotational clusters:	
        [[ingress::meta.in_time<48> meta mirror%{43:ingress::ig_intr_md_for_dprsr.mirror_type#10}% exact_containers [0:31]], [ingress::ig_intr_md_from_prsr.global_tstamp<48> ^0 ^bit[0..479] meta intrinsic exact_containers [0:31]], [ingress::hdr.record.in_time<48> ^0 ^bit[0..47] deparsed exact_containers [0:31]]]
Successfully Allocated
By slicing into the following superclusters:
SUPERCLUSTER Uid: 2011
    slice lists:	
        [ ingress::meta.in_time<48> meta mirror%{43:ingress::ig_intr_md_for_dprsr.mirror_type#10}% exact_containers [0:31] ]
        [ ingress::ig_intr_md_from_prsr.global_tstamp<48> ^0 ^bit[0..479] meta intrinsic exact_containers [0:31] ]
        [ ingress::hdr.record.in_time<48> ^0 ^bit[0..47] deparsed exact_containers [0:31] ]
    rotational clusters:	
        [[ingress::meta.in_time<48> meta mirror%{43:ingress::ig_intr_md_for_dprsr.mirror_type#10}% exact_containers [0:31]], [ingress::ig_intr_md_from_prsr.global_tstamp<48> ^0 ^bit[0..479] meta intrinsic exact_containers [0:31]], [ingress::hdr.record.in_time<48> ^0 ^bit[0..47] deparsed exact_containers [0:31]]]

Best Score: {[n_inc_containers: 3, ], }
Allocation Decisions:
allocate: W0[0:31] <- ingress::ig_intr_md_from_prsr.global_tstamp<48> ^0 ^bit[0..479] meta intrinsic exact_containers [0:31] @[-1r,8w]
allocate: W1[0:31] <- ingress::hdr.record.in_time<48> ^0 ^bit[0..47] deparsed exact_containers [0:31] @[-1r,8w]
allocate: W2[0:31] <- ingress::meta.in_time<48> meta mirror%{43:ingress::ig_intr_md_for_dprsr.mirror_type#10}% exact_containers [0:31] @[-1r,8w]
15: TRYING to allocate SUPERCLUSTER Uid: 1833
    slice lists:	
        [ ingress::hdr.ipv4.frag_offset<13> ^0 ^bit[0..63] deparsed exact_containers [0:12]
          ingress::hdr.ipv4.flags<3> ^5 ^bit[0..50] deparsed exact_containers [0:2]
          ingress::hdr.ipv4.identification<16> ^0 ^bit[0..47] deparsed exact_containers [0:15] ]
    rotational clusters:	
        [[ingress::hdr.ipv4.frag_offset<13> ^0 ^bit[0..63] deparsed exact_containers [0:12]]]
        [[ingress::hdr.ipv4.flags<3> ^5 ^bit[0..50] deparsed exact_containers [0:2]]]
        [[ingress::hdr.ipv4.identification<16> ^0 ^bit[0..47] deparsed exact_containers [0:15]]]
Successfully Allocated
By slicing into the following superclusters:
SUPERCLUSTER Uid: 2218
    slice lists:	
        [ ingress::hdr.ipv4.frag_offset<13> ^0 ^bit[0..63] deparsed exact_containers [0:12]
          ingress::hdr.ipv4.flags<3> ^5 ^bit[0..50] deparsed exact_containers [0:2]
          ingress::hdr.ipv4.identification<16> ^0 ^bit[0..47] deparsed exact_containers [0:15] ]
    rotational clusters:	
        [[ingress::hdr.ipv4.frag_offset<13> ^0 ^bit[0..63] deparsed exact_containers [0:12]]]
        [[ingress::hdr.ipv4.flags<3> ^5 ^bit[0..50] deparsed exact_containers [0:2]]]
        [[ingress::hdr.ipv4.identification<16> ^0 ^bit[0..47] deparsed exact_containers [0:15]]]

Best Score: {T[n_set_parser_group_gress: 1, n_inc_containers: 1, ], }
Allocation Decisions:
allocate: TW0[0:12] <- ingress::hdr.ipv4.frag_offset<13> ^0 ^bit[0..63] deparsed exact_containers [0:12] @[-1r,8w]
allocate: TW0[13:15] <- ingress::hdr.ipv4.flags<3> ^5 ^bit[0..50] deparsed exact_containers [0:2] @[-1r,8w]
allocate: TW0[16:31] <- ingress::hdr.ipv4.identification<16> ^0 ^bit[0..47] deparsed exact_containers [0:15] @[-1r,8w]
16: TRYING to allocate SUPERCLUSTER Uid: 1863
    slice lists:	
        [ ingress::hdr.udp.checksum<16> ^0 ^bit[0..63] deparsed exact_containers [0:15]
          ingress::hdr.udp.hdr_length<16> ^0 ^bit[0..47] deparsed exact_containers [0:15] ]
    rotational clusters:	
        [[ingress::hdr.udp.checksum<16> ^0 ^bit[0..63] deparsed exact_containers [0:15]]]
        [[ingress::hdr.udp.hdr_length<16> ^0 ^bit[0..47] deparsed exact_containers [0:15]]]
Successfully Allocated
By slicing into the following superclusters:
SUPERCLUSTER Uid: 2253
    slice lists:	
        [ ingress::hdr.udp.checksum<16> ^0 ^bit[0..63] deparsed exact_containers [0:15]
          ingress::hdr.udp.hdr_length<16> ^0 ^bit[0..47] deparsed exact_containers [0:15] ]
    rotational clusters:	
        [[ingress::hdr.udp.checksum<16> ^0 ^bit[0..63] deparsed exact_containers [0:15]]]
        [[ingress::hdr.udp.hdr_length<16> ^0 ^bit[0..47] deparsed exact_containers [0:15]]]

Best Score: {T[n_set_parser_group_gress: 1, n_inc_containers: 1, ], }
Allocation Decisions:
allocate: TW1[0:15] <- ingress::hdr.udp.checksum<16> ^0 ^bit[0..63] deparsed exact_containers [0:15] @[-1r,8w]
allocate: TW1[16:31] <- ingress::hdr.udp.hdr_length<16> ^0 ^bit[0..47] deparsed exact_containers [0:15] @[-1r,8w]
17: TRYING to allocate SUPERCLUSTER Uid: 1867
    slice lists:	
        [ ingress::hdr.tcp.urgent_ptr<16> ^0 ^bit[0..159] deparsed exact_containers [0:15]
          ingress::hdr.tcp.checksum<16> ^0 ^bit[0..143] deparsed exact_containers [0:15] ]
    rotational clusters:	
        [[ingress::hdr.tcp.urgent_ptr<16> ^0 ^bit[0..159] deparsed exact_containers [0:15]]]
        [[ingress::hdr.tcp.checksum<16> ^0 ^bit[0..143] deparsed exact_containers [0:15]]]
Successfully Allocated
By slicing into the following superclusters:
SUPERCLUSTER Uid: 2288
    slice lists:	
        [ ingress::hdr.tcp.urgent_ptr<16> ^0 ^bit[0..159] deparsed exact_containers [0:15]
          ingress::hdr.tcp.checksum<16> ^0 ^bit[0..143] deparsed exact_containers [0:15] ]
    rotational clusters:	
        [[ingress::hdr.tcp.urgent_ptr<16> ^0 ^bit[0..159] deparsed exact_containers [0:15]]]
        [[ingress::hdr.tcp.checksum<16> ^0 ^bit[0..143] deparsed exact_containers [0:15]]]

Best Score: {T[n_overlay_bits: 32, ], }
Allocation Decisions:
allocate: TW1[0:15] <- ingress::hdr.tcp.urgent_ptr<16> ^0 ^bit[0..159] deparsed exact_containers [0:15] @[-1r,8w]
allocate: TW1[16:31] <- ingress::hdr.tcp.checksum<16> ^0 ^bit[0..143] deparsed exact_containers [0:15] @[-1r,8w]
18: TRYING to allocate SUPERCLUSTER Uid: 1813
    slice lists:	
        [ ingress::hdr.ethernet.src_addr<48> ^0 ^bit[0..223] deparsed exact_containers [0:31] ]
    rotational clusters:	
        [[ingress::hdr.ethernet.src_addr<48> ^0 ^bit[0..223] deparsed exact_containers [0:31]]]
Successfully Allocated
By slicing into the following superclusters:
SUPERCLUSTER Uid: 2323
    slice lists:	
        [ ingress::hdr.ethernet.src_addr<48> ^0 ^bit[0..223] deparsed exact_containers [0:31] ]
    rotational clusters:	
        [[ingress::hdr.ethernet.src_addr<48> ^0 ^bit[0..223] deparsed exact_containers [0:31]]]

Best Score: {T[n_set_parser_group_gress: 1, n_inc_containers: 1, ], }
Allocation Decisions:
allocate: TW2[0:31] <- ingress::hdr.ethernet.src_addr<48> ^0 ^bit[0..223] deparsed exact_containers [0:31] @[-1r,8w]
19: TRYING to allocate SUPERCLUSTER Uid: 1820
    slice lists:	
        [ ingress::hdr.ethernet.dst_addr<48> ^0 ^bit[0..175] deparsed exact_containers [0:31] ]
    rotational clusters:	
        [[ingress::hdr.ethernet.dst_addr<48> ^0 ^bit[0..175] deparsed exact_containers [0:31]]]
Successfully Allocated
By slicing into the following superclusters:
SUPERCLUSTER Uid: 2366
    slice lists:	
        [ ingress::hdr.ethernet.dst_addr<48> ^0 ^bit[0..175] deparsed exact_containers [0:31] ]
    rotational clusters:	
        [[ingress::hdr.ethernet.dst_addr<48> ^0 ^bit[0..175] deparsed exact_containers [0:31]]]

Best Score: {T[n_set_parser_group_gress: 1, n_inc_containers: 1, ], }
Allocation Decisions:
allocate: TW3[0:31] <- ingress::hdr.ethernet.dst_addr<48> ^0 ^bit[0..175] deparsed exact_containers [0:31] @[-1r,8w]
20: TRYING to allocate SUPERCLUSTER Uid: 1850
    slice lists:	
        [ ingress::hdr.ipv4.src_addr<32> ^0 ^bit[0..127] deparsed exact_containers [0:31] ]
    rotational clusters:	
        [[ingress::hdr.ipv4.src_addr<32> ^0 ^bit[0..127] deparsed exact_containers [0:31]]]
Successfully Allocated
By slicing into the following superclusters:
SUPERCLUSTER Uid: 2409
    slice lists:	
        [ ingress::hdr.ipv4.src_addr<32> ^0 ^bit[0..127] deparsed exact_containers [0:31] ]
    rotational clusters:	
        [[ingress::hdr.ipv4.src_addr<32> ^0 ^bit[0..127] deparsed exact_containers [0:31]]]

Best Score: {[n_inc_containers: 1, ], }
Allocation Decisions:
allocate: W3[0:31] <- ingress::hdr.ipv4.src_addr<32> ^0 ^bit[0..127] deparsed exact_containers [0:31] @[-1r,8w]
21: TRYING to allocate SUPERCLUSTER Uid: 1855
    slice lists:	
        [ ingress::hdr.ipv4.dst_addr<32> ^0 ^bit[0..159] deparsed exact_containers [0:31] ]
    rotational clusters:	
        [[ingress::hdr.ipv4.dst_addr<32> ^0 ^bit[0..159] deparsed exact_containers [0:31]]]
Successfully Allocated
By slicing into the following superclusters:
SUPERCLUSTER Uid: 2452
    slice lists:	
        [ ingress::hdr.ipv4.dst_addr<32> ^0 ^bit[0..159] deparsed exact_containers [0:31] ]
    rotational clusters:	
        [[ingress::hdr.ipv4.dst_addr<32> ^0 ^bit[0..159] deparsed exact_containers [0:31]]]

Best Score: {[n_inc_containers: 1, ], }
Allocation Decisions:
allocate: W4[0:31] <- ingress::hdr.ipv4.dst_addr<32> ^0 ^bit[0..159] deparsed exact_containers [0:31] @[-1r,8w]
22: TRYING to allocate SUPERCLUSTER Uid: 1880
    slice lists:	
        [ ingress::hdr.tcp.ack_no<32> ^0 ^bit[0..95] deparsed exact_containers [0:31] ]
    rotational clusters:	
        [[ingress::hdr.tcp.ack_no<32> ^0 ^bit[0..95] deparsed exact_containers [0:31]]]
Successfully Allocated
By slicing into the following superclusters:
SUPERCLUSTER Uid: 2500
    slice lists:	
        [ ingress::hdr.tcp.ack_no<32> ^0 ^bit[0..95] deparsed exact_containers [0:15] ]
    rotational clusters:	
        [[ingress::hdr.tcp.ack_no<32> ^0 ^bit[0..95] deparsed exact_containers [0:15]]]

SUPERCLUSTER Uid: 2502
    slice lists:	
        [ ingress::hdr.tcp.ack_no<32> ^0 ^bit[0..79] deparsed exact_containers [16:31] ]
    rotational clusters:	
        [[ingress::hdr.tcp.ack_no<32> ^0 ^bit[0..79] deparsed exact_containers [16:31]]]

Best Score: {T[n_set_parser_group_gress: 2, n_inc_containers: 2, ], }
Allocation Decisions:
allocate: TH0[0:15] <- ingress::hdr.tcp.ack_no<32> ^0 ^bit[0..95] deparsed exact_containers [0:15] @[-1r,8w]
allocate: TH1[0:15] <- ingress::hdr.tcp.ack_no<32> ^0 ^bit[0..79] deparsed exact_containers [16:31] @[-1r,8w]
23: TRYING to allocate SUPERCLUSTER Uid: 1881
    slice lists:	
        [ ingress::hdr.tcp.seq_no<32> ^0 ^bit[0..63] deparsed exact_containers [0:31] ]
    rotational clusters:	
        [[ingress::hdr.tcp.seq_no<32> ^0 ^bit[0..63] deparsed exact_containers [0:31]]]
Successfully Allocated
By slicing into the following superclusters:
SUPERCLUSTER Uid: 2543
    slice lists:	
        [ ingress::hdr.tcp.seq_no<32> ^0 ^bit[0..63] deparsed exact_containers [0:15] ]
    rotational clusters:	
        [[ingress::hdr.tcp.seq_no<32> ^0 ^bit[0..63] deparsed exact_containers [0:15]]]

SUPERCLUSTER Uid: 2545
    slice lists:	
        [ ingress::hdr.tcp.seq_no<32> ^0 ^bit[0..47] deparsed exact_containers [16:31] ]
    rotational clusters:	
        [[ingress::hdr.tcp.seq_no<32> ^0 ^bit[0..47] deparsed exact_containers [16:31]]]

Best Score: {T[n_set_parser_group_gress: 2, n_inc_containers: 2, ], }
Allocation Decisions:
allocate: TH2[0:15] <- ingress::hdr.tcp.seq_no<32> ^0 ^bit[0..63] deparsed exact_containers [0:15] @[-1r,8w]
allocate: TH3[0:15] <- ingress::hdr.tcp.seq_no<32> ^0 ^bit[0..47] deparsed exact_containers [16:31] @[-1r,8w]
24: TRYING to allocate SUPERCLUSTER Uid: 1884
    slice lists:	
        [ ingress::meta.dst_port<16> meta mirror%{43:ingress::ig_intr_md_for_dprsr.mirror_type#4}% exact_containers [0:15] ]
        [ ingress::hdr.udp.dst_port<16> ^0 ^bit[0..31] deparsed exact_containers [0:15] ]
        [ ingress::hdr.tcp.dst_port<16> ^0 ^bit[0..31] deparsed exact_containers [0:15] ]
    rotational clusters:	
        [[ingress::meta.dst_port<16> meta mirror%{43:ingress::ig_intr_md_for_dprsr.mirror_type#4}% exact_containers [0:15]], [ingress::hdr.udp.dst_port<16> ^0 ^bit[0..31] deparsed exact_containers [0:15]], [ingress::hdr.tcp.dst_port<16> ^0 ^bit[0..31] deparsed exact_containers [0:15]]]
Successfully Allocated
By slicing into the following superclusters:
SUPERCLUSTER Uid: 2583
    slice lists:	
        [ ingress::meta.dst_port<16> meta mirror%{43:ingress::ig_intr_md_for_dprsr.mirror_type#4}% exact_containers [0:15] ]
        [ ingress::hdr.udp.dst_port<16> ^0 ^bit[0..31] deparsed exact_containers [0:15] ]
        [ ingress::hdr.tcp.dst_port<16> ^0 ^bit[0..31] deparsed exact_containers [0:15] ]
    rotational clusters:	
        [[ingress::meta.dst_port<16> meta mirror%{43:ingress::ig_intr_md_for_dprsr.mirror_type#4}% exact_containers [0:15]], [ingress::hdr.udp.dst_port<16> ^0 ^bit[0..31] deparsed exact_containers [0:15]], [ingress::hdr.tcp.dst_port<16> ^0 ^bit[0..31] deparsed exact_containers [0:15]]]

Best Score: {[n_overlay_bits: 16, n_inc_containers: 2, n_inc_small_containers: 2, ], }
Allocation Decisions:
allocate: H2[0:15] <- ingress::hdr.udp.dst_port<16> ^0 ^bit[0..31] deparsed exact_containers [0:15] @[-1r,8w]
allocate: H2[0:15] <- ingress::hdr.tcp.dst_port<16> ^0 ^bit[0..31] deparsed exact_containers [0:15] @[-1r,8w]
allocate: H3[0:15] <- ingress::meta.dst_port<16> meta mirror%{43:ingress::ig_intr_md_for_dprsr.mirror_type#4}% exact_containers [0:15] @[-1r,8w]
25: TRYING to allocate SUPERCLUSTER Uid: 1886
    slice lists:	
        [ ingress::meta.src_port<16> meta mirror%{43:ingress::ig_intr_md_for_dprsr.mirror_type#3}% exact_containers [0:15] ]
        [ ingress::hdr.udp.src_port<16> ^0 ^bit[0..15] deparsed exact_containers [0:15] ]
        [ ingress::hdr.tcp.src_port<16> ^0 ^bit[0..15] deparsed exact_containers [0:15] ]
    rotational clusters:	
        [[ingress::meta.src_port<16> meta mirror%{43:ingress::ig_intr_md_for_dprsr.mirror_type#3}% exact_containers [0:15]], [ingress::hdr.udp.src_port<16> ^0 ^bit[0..15] deparsed exact_containers [0:15]], [ingress::hdr.tcp.src_port<16> ^0 ^bit[0..15] deparsed exact_containers [0:15]]]
Successfully Allocated
By slicing into the following superclusters:
SUPERCLUSTER Uid: 2618
    slice lists:	
        [ ingress::meta.src_port<16> meta mirror%{43:ingress::ig_intr_md_for_dprsr.mirror_type#3}% exact_containers [0:15] ]
        [ ingress::hdr.udp.src_port<16> ^0 ^bit[0..15] deparsed exact_containers [0:15] ]
        [ ingress::hdr.tcp.src_port<16> ^0 ^bit[0..15] deparsed exact_containers [0:15] ]
    rotational clusters:	
        [[ingress::meta.src_port<16> meta mirror%{43:ingress::ig_intr_md_for_dprsr.mirror_type#3}% exact_containers [0:15]], [ingress::hdr.udp.src_port<16> ^0 ^bit[0..15] deparsed exact_containers [0:15]], [ingress::hdr.tcp.src_port<16> ^0 ^bit[0..15] deparsed exact_containers [0:15]]]

Best Score: {[n_overlay_bits: 16, n_inc_containers: 2, n_inc_small_containers: 2, ], }
Allocation Decisions:
allocate: H4[0:15] <- ingress::hdr.udp.src_port<16> ^0 ^bit[0..15] deparsed exact_containers [0:15] @[-1r,8w]
allocate: H4[0:15] <- ingress::hdr.tcp.src_port<16> ^0 ^bit[0..15] deparsed exact_containers [0:15] @[-1r,8w]
allocate: H5[0:15] <- ingress::meta.src_port<16> meta mirror%{43:ingress::ig_intr_md_for_dprsr.mirror_type#3}% exact_containers [0:15] @[-1r,8w]
26: TRYING to allocate SUPERCLUSTER Uid: 1919
    slice lists:	
        [ ingress::meta.in_time<48> meta mirror%{43:ingress::ig_intr_md_for_dprsr.mirror_type#10}% exact_containers [32:47] ]
        [ ingress::ig_intr_md_from_prsr.global_tstamp<48> ^0 ^bit[0..447] meta intrinsic exact_containers [32:47] ]
        [ ingress::hdr.record.in_time<48> ^0 ^bit[0..15] deparsed exact_containers [32:47] ]
    rotational clusters:	
        [[ingress::meta.in_time<48> meta mirror%{43:ingress::ig_intr_md_for_dprsr.mirror_type#10}% exact_containers [32:47]], [ingress::ig_intr_md_from_prsr.global_tstamp<48> ^0 ^bit[0..447] meta intrinsic exact_containers [32:47]], [ingress::hdr.record.in_time<48> ^0 ^bit[0..15] deparsed exact_containers [32:47]]]
Successfully Allocated
By slicing into the following superclusters:
SUPERCLUSTER Uid: 2653
    slice lists:	
        [ ingress::meta.in_time<48> meta mirror%{43:ingress::ig_intr_md_for_dprsr.mirror_type#10}% exact_containers [32:47] ]
        [ ingress::ig_intr_md_from_prsr.global_tstamp<48> ^0 ^bit[0..447] meta intrinsic exact_containers [32:47] ]
        [ ingress::hdr.record.in_time<48> ^0 ^bit[0..15] deparsed exact_containers [32:47] ]
    rotational clusters:	
        [[ingress::meta.in_time<48> meta mirror%{43:ingress::ig_intr_md_for_dprsr.mirror_type#10}% exact_containers [32:47]], [ingress::ig_intr_md_from_prsr.global_tstamp<48> ^0 ^bit[0..447] meta intrinsic exact_containers [32:47]], [ingress::hdr.record.in_time<48> ^0 ^bit[0..15] deparsed exact_containers [32:47]]]

Best Score: {[n_inc_containers: 3, n_inc_small_containers: 3, ], }
Allocation Decisions:
allocate: H6[0:15] <- ingress::ig_intr_md_from_prsr.global_tstamp<48> ^0 ^bit[0..447] meta intrinsic exact_containers [32:47] @[-1r,8w]
allocate: H7[0:15] <- ingress::hdr.record.in_time<48> ^0 ^bit[0..15] deparsed exact_containers [32:47] @[-1r,8w]
allocate: H8[0:15] <- ingress::meta.in_time<48> meta mirror%{43:ingress::ig_intr_md_for_dprsr.mirror_type#10}% exact_containers [32:47] @[-1r,8w]
27: TRYING to allocate SUPERCLUSTER Uid: 1807
    slice lists:	
        [ ingress::hdr.ethernet.ether_type<16> ^0 ^bit[0..239] deparsed exact_containers [0:15] ]
    rotational clusters:	
        [[ingress::hdr.ethernet.ether_type<16> ^0 ^bit[0..239] deparsed exact_containers [0:15]]]
Successfully Allocated
By slicing into the following superclusters:
SUPERCLUSTER Uid: 2686
    slice lists:	
        [ ingress::hdr.ethernet.ether_type<16> ^0 ^bit[0..239] deparsed exact_containers [0:15] ]
    rotational clusters:	
        [[ingress::hdr.ethernet.ether_type<16> ^0 ^bit[0..239] deparsed exact_containers [0:15]]]

Best Score: {[n_inc_containers: 1, n_inc_small_containers: 1, ], }
Allocation Decisions:
allocate: H9[0:15] <- ingress::hdr.ethernet.ether_type<16> ^0 ^bit[0..239] deparsed exact_containers [0:15] @[-1r,8w]
28: TRYING to allocate SUPERCLUSTER Uid: 1814
    slice lists:	
        [ ingress::hdr.ethernet.src_addr<48> ^0 ^bit[0..191] deparsed exact_containers [32:47] ]
    rotational clusters:	
        [[ingress::hdr.ethernet.src_addr<48> ^0 ^bit[0..191] deparsed exact_containers [32:47]]]
Successfully Allocated
By slicing into the following superclusters:
SUPERCLUSTER Uid: 2697
    slice lists:	
        [ ingress::hdr.ethernet.src_addr<48> ^0 ^bit[0..191] deparsed exact_containers [32:47] ]
    rotational clusters:	
        [[ingress::hdr.ethernet.src_addr<48> ^0 ^bit[0..191] deparsed exact_containers [32:47]]]

Best Score: {T[n_set_parser_group_gress: 1, n_inc_containers: 1, ], }
Allocation Decisions:
allocate: TH4[0:15] <- ingress::hdr.ethernet.src_addr<48> ^0 ^bit[0..191] deparsed exact_containers [32:47] @[-1r,8w]
29: TRYING to allocate SUPERCLUSTER Uid: 1822
    slice lists:	
        [ ingress::hdr.ethernet.dst_addr<48> ^0 ^bit[0..143] deparsed exact_containers [32:47] ]
    rotational clusters:	
        [[ingress::hdr.ethernet.dst_addr<48> ^0 ^bit[0..143] deparsed exact_containers [32:47]]]
Successfully Allocated
By slicing into the following superclusters:
SUPERCLUSTER Uid: 2708
    slice lists:	
        [ ingress::hdr.ethernet.dst_addr<48> ^0 ^bit[0..143] deparsed exact_containers [32:47] ]
    rotational clusters:	
        [[ingress::hdr.ethernet.dst_addr<48> ^0 ^bit[0..143] deparsed exact_containers [32:47]]]

Best Score: {T[n_set_parser_group_gress: 1, n_inc_containers: 1, ], }
Allocation Decisions:
allocate: TH5[0:15] <- ingress::hdr.ethernet.dst_addr<48> ^0 ^bit[0..143] deparsed exact_containers [32:47] @[-1r,8w]
30: TRYING to allocate SUPERCLUSTER Uid: 1835
    slice lists:	
        [ ingress::hdr.ipv4.total_len<16> ^0 ^bit[0..31] deparsed exact_containers [0:15] ]
    rotational clusters:	
        [[ingress::hdr.ipv4.total_len<16> ^0 ^bit[0..31] deparsed exact_containers [0:15]]]
Successfully Allocated
By slicing into the following superclusters:
SUPERCLUSTER Uid: 2719
    slice lists:	
        [ ingress::hdr.ipv4.total_len<16> ^0 ^bit[0..31] deparsed exact_containers [0:15] ]
    rotational clusters:	
        [[ingress::hdr.ipv4.total_len<16> ^0 ^bit[0..31] deparsed exact_containers [0:15]]]

Best Score: {[n_inc_containers: 1, n_inc_small_containers: 1, ], }
Allocation Decisions:
allocate: H10[0:15] <- ingress::hdr.ipv4.total_len<16> ^0 ^bit[0..31] deparsed exact_containers [0:15] @[-1r,8w]
31: TRYING to allocate SUPERCLUSTER Uid: 1845
    slice lists:	
        [ ingress::hdr.ipv4.hdr_checksum<16> ^0 ^bit[0..95] deparsed exact_containers [0:15] ]
    rotational clusters:	
        [[ingress::hdr.ipv4.hdr_checksum<16> ^0 ^bit[0..95] deparsed exact_containers [0:15]]]
Successfully Allocated
By slicing into the following superclusters:
SUPERCLUSTER Uid: 2730
    slice lists:	
        [ ingress::hdr.ipv4.hdr_checksum<16> ^0 ^bit[0..95] deparsed exact_containers [0:15] ]
    rotational clusters:	
        [[ingress::hdr.ipv4.hdr_checksum<16> ^0 ^bit[0..95] deparsed exact_containers [0:15]]]

Best Score: {n_inc_tphv_collections: 1, T[n_set_gress: 1, n_set_parser_group_gress: 1, n_set_deparser_group_gress: 1, n_inc_containers: 1, ], }
Allocation Decisions:
allocate: TH6[0:15] <- ingress::hdr.ipv4.hdr_checksum<16> ^0 ^bit[0..95] deparsed exact_containers [0:15] @[-1r,8w]
32: TRYING to allocate SUPERCLUSTER Uid: 1872
    slice lists:	
        [ ingress::hdr.tcp.window<16> ^0 ^bit[0..127] deparsed exact_containers [0:15] ]
    rotational clusters:	
        [[ingress::hdr.tcp.window<16> ^0 ^bit[0..127] deparsed exact_containers [0:15]]]
Successfully Allocated
By slicing into the following superclusters:
SUPERCLUSTER Uid: 2741
    slice lists:	
        [ ingress::hdr.tcp.window<16> ^0 ^bit[0..127] deparsed exact_containers [0:15] ]
    rotational clusters:	
        [[ingress::hdr.tcp.window<16> ^0 ^bit[0..127] deparsed exact_containers [0:15]]]

Best Score: {T[n_set_parser_group_gress: 1, n_inc_containers: 1, ], }
Allocation Decisions:
allocate: TH7[0:15] <- ingress::hdr.tcp.window<16> ^0 ^bit[0..127] deparsed exact_containers [0:15] @[-1r,8w]
33: TRYING to allocate SUPERCLUSTER Uid: 1961
    slice lists:	
        [ ingress::hdr.ethernet.$valid<1> pov [0:0]
          ingress::hdr.record.$valid<1> pov [0:0]
          ingress::hdr.ipv4.$valid<1> pov [0:0]
          ingress::hdr.tcp.$valid<1> pov [0:0]
          ingress::hdr.udp.$valid<1> pov [0:0] ]
    rotational clusters:	
        [[ingress::hdr.ethernet.$valid<1> pov [0:0]]]
        [[ingress::hdr.record.$valid<1> pov [0:0]]]
        [[ingress::hdr.ipv4.$valid<1> pov [0:0]]]
        [[ingress::hdr.tcp.$valid<1> pov [0:0]]]
        [[ingress::hdr.udp.$valid<1> pov [0:0]]]
Successfully Allocated
By slicing into the following superclusters:
SUPERCLUSTER Uid: 2751
    slice lists:	
        [ ingress::hdr.ethernet.$valid<1> pov [0:0]
          ingress::hdr.record.$valid<1> pov [0:0]
          ingress::hdr.ipv4.$valid<1> pov [0:0]
          ingress::hdr.tcp.$valid<1> pov [0:0]
          ingress::hdr.udp.$valid<1> pov [0:0] ]
    rotational clusters:	
        [[ingress::hdr.ethernet.$valid<1> pov [0:0]]]
        [[ingress::hdr.record.$valid<1> pov [0:0]]]
        [[ingress::hdr.ipv4.$valid<1> pov [0:0]]]
        [[ingress::hdr.tcp.$valid<1> pov [0:0]]]
        [[ingress::hdr.udp.$valid<1> pov [0:0]]]

Best Score: {[n_inc_containers: 1, n_inc_small_containers: 1, ], }
Allocation Decisions:
allocate: B7[0:0] <- ingress::hdr.ethernet.$valid<1> pov [0:0] @[-1r,8w]
allocate: B7[1:1] <- ingress::hdr.record.$valid<1> pov [0:0] @[-1r,8w]
allocate: B7[2:2] <- ingress::hdr.ipv4.$valid<1> pov [0:0] @[-1r,8w]
allocate: B7[3:3] <- ingress::hdr.tcp.$valid<1> pov [0:0] @[-1r,8w]
allocate: B7[4:4] <- ingress::hdr.udp.$valid<1> pov [0:0] @[-1r,8w]
34: TRYING to allocate SUPERCLUSTER Uid: 1893
    slice lists:	[ ]
    rotational clusters:	
        [[ingress::meta.do_action<2> meta [0:1]]]
Successfully Allocated
By slicing into the following superclusters:
SUPERCLUSTER Uid: 2752
    slice lists:	[ ]
    rotational clusters:	
        [[ingress::meta.do_action<2> meta [0:1]]]

Best Score: {[n_packing_bits: 2, n_packing_priority: 100000, ], }
Allocation Decisions:
allocate: B1[4:5] <- ingress::meta.do_action<2> meta [0:1] @[-1r,8w]
35: TRYING to allocate SUPERCLUSTER Uid: 1894
    slice lists:	[ ]
    rotational clusters:	
        [[ingress::meta.next_table<1> meta [0:0]]]
Successfully Allocated
By slicing into the following superclusters:
SUPERCLUSTER Uid: 2753
    slice lists:	[ ]
    rotational clusters:	
        [[ingress::meta.next_table<1> meta [0:0]]]

Best Score: {[n_packing_bits: 1, n_packing_priority: 100000, ], }
Allocation Decisions:
allocate: B7[5:5] <- ingress::meta.next_table<1> meta [0:0] @[-1r,8w]
36: TRYING to allocate SUPERCLUSTER Uid: 1895
    slice lists:	[ ]
    rotational clusters:	
        [[ingress::meta.first_in<1> meta [0:0]]]
Successfully Allocated
By slicing into the following superclusters:
SUPERCLUSTER Uid: 2754
    slice lists:	[ ]
    rotational clusters:	
        [[ingress::meta.first_in<1> meta [0:0]]]

Best Score: {[n_packing_bits: 1, n_packing_priority: 100000, ], }
Allocation Decisions:
allocate: B1[6:6] <- ingress::meta.first_in<1> meta [0:0] @[-1r,8w]
37: TRYING to allocate SUPERCLUSTER Uid: 1896
    slice lists:	[ ]
    rotational clusters:	
        [[ingress::meta.first_out<1> meta [0:0]]]
Successfully Allocated
By slicing into the following superclusters:
SUPERCLUSTER Uid: 2755
    slice lists:	[ ]
    rotational clusters:	
        [[ingress::meta.first_out<1> meta [0:0]]]

Best Score: {[n_overlay_bits: 1, ], }
Allocation Decisions:
allocate: B1[6:6] <- ingress::meta.first_out<1> meta [0:0] @[-1r,8w]
38: TRYING to allocate SUPERCLUSTER Uid: 1897
    slice lists:	[ ]
    rotational clusters:	
        [[ingress::meta.set_rule<1> meta [0:0]]]
Successfully Allocated
By slicing into the following superclusters:
SUPERCLUSTER Uid: 2756
    slice lists:	[ ]
    rotational clusters:	
        [[ingress::meta.set_rule<1> meta [0:0]]]

Best Score: {[n_packing_bits: 1, n_packing_priority: 100000, ], }
Allocation Decisions:
allocate: B7[6:6] <- ingress::meta.set_rule<1> meta [0:0] @[-1r,8w]
39: TRYING to allocate SUPERCLUSTER Uid: 1941
    slice lists:	
        [ egress::eg_intr_md.pkt_length<16> intrinsic [0:15]
          egress::eg_intr_md.deflection_flag<1> intrinsic [0:0]
          egress::eg_intr_md._pad10<7> intrinsic [0:6]
          egress::eg_intr_md.egress_cos<3> intrinsic [0:2]
          egress::eg_intr_md._pad9<5> intrinsic [0:4] ]
    rotational clusters:	
        [[egress::eg_intr_md.pkt_length<16> intrinsic [0:15]]]
        [[egress::eg_intr_md.deflection_flag<1> intrinsic [0:0]]]
        [[egress::eg_intr_md._pad10<7> intrinsic [0:6]]]
        [[egress::eg_intr_md.egress_cos<3> intrinsic [0:2]]]
        [[egress::eg_intr_md._pad9<5> intrinsic [0:4]]]
Successfully Allocated
By slicing into the following superclusters:
SUPERCLUSTER Uid: 2761
    slice lists:	
        [ egress::eg_intr_md.pkt_length<16> intrinsic [0:15]
          egress::eg_intr_md.deflection_flag<1> intrinsic [0:0]
          egress::eg_intr_md._pad10<7> intrinsic [0:6]
          egress::eg_intr_md.egress_cos<3> intrinsic [0:2]
          egress::eg_intr_md._pad9<5> intrinsic [0:4] ]
    rotational clusters:	
        [[egress::eg_intr_md.pkt_length<16> intrinsic [0:15]]]
        [[egress::eg_intr_md.deflection_flag<1> intrinsic [0:0]]]
        [[egress::eg_intr_md._pad10<7> intrinsic [0:6]]]
        [[egress::eg_intr_md.egress_cos<3> intrinsic [0:2]]]
        [[egress::eg_intr_md._pad9<5> intrinsic [0:4]]]

Best Score: {}
Allocation Decisions:
40: TRYING to allocate SUPERCLUSTER Uid: 1943
    slice lists:	
        [ egress::eg_intr_md.egress_qid<5> intrinsic [0:4]
          egress::eg_intr_md._pad8<3> intrinsic [0:2]
          egress::eg_intr_md.egress_rid_first<1> intrinsic [0:0]
          egress::eg_intr_md._pad7<7> intrinsic [0:6]
          egress::eg_intr_md.egress_rid<16> intrinsic [0:15] ]
    rotational clusters:	
        [[egress::eg_intr_md.egress_qid<5> intrinsic [0:4]]]
        [[egress::eg_intr_md._pad8<3> intrinsic [0:2]]]
        [[egress::eg_intr_md.egress_rid_first<1> intrinsic [0:0]]]
        [[egress::eg_intr_md._pad7<7> intrinsic [0:6]]]
        [[egress::eg_intr_md.egress_rid<16> intrinsic [0:15]]]
Successfully Allocated
By slicing into the following superclusters:
SUPERCLUSTER Uid: 2785
    slice lists:	
        [ egress::eg_intr_md.egress_qid<5> intrinsic [0:4]
          egress::eg_intr_md._pad8<3> intrinsic [0:2]
          egress::eg_intr_md.egress_rid_first<1> intrinsic [0:0]
          egress::eg_intr_md._pad7<7> intrinsic [0:6]
          egress::eg_intr_md.egress_rid<16> intrinsic [0:15] ]
    rotational clusters:	
        [[egress::eg_intr_md.egress_qid<5> intrinsic [0:4]]]
        [[egress::eg_intr_md._pad8<3> intrinsic [0:2]]]
        [[egress::eg_intr_md.egress_rid_first<1> intrinsic [0:0]]]
        [[egress::eg_intr_md._pad7<7> intrinsic [0:6]]]
        [[egress::eg_intr_md.egress_rid<16> intrinsic [0:15]]]

Best Score: {}
Allocation Decisions:
41: TRYING to allocate SUPERCLUSTER Uid: 1953
    slice lists:	
        [ egress::eg_intr_md.deq_qdepth<19> intrinsic [0:18]
          egress::eg_intr_md._pad4<5> intrinsic [0:4]
          egress::eg_intr_md.enq_tstamp<18> intrinsic [0:7] ]
    rotational clusters:	
        [[egress::eg_intr_md.deq_qdepth<19> intrinsic [0:18]]]
        [[egress::eg_intr_md._pad4<5> intrinsic [0:4]]]
        [[egress::eg_intr_md.enq_tstamp<18> intrinsic [0:7]]]
Successfully Allocated
By slicing into the following superclusters:
SUPERCLUSTER Uid: 2817
    slice lists:	
        [ egress::eg_intr_md.deq_qdepth<19> intrinsic [0:18]
          egress::eg_intr_md._pad4<5> intrinsic [0:4]
          egress::eg_intr_md.enq_tstamp<18> intrinsic [0:7] ]
    rotational clusters:	
        [[egress::eg_intr_md.deq_qdepth<19> intrinsic [0:18]]]
        [[egress::eg_intr_md._pad4<5> intrinsic [0:4]]]
        [[egress::eg_intr_md.enq_tstamp<18> intrinsic [0:7]]]

Best Score: {}
Allocation Decisions:
42: TRYING to allocate SUPERCLUSTER Uid: 1955
    slice lists:	
        [ egress::eg_intr_md.enq_tstamp<18> intrinsic [8:17]
          egress::eg_intr_md._pad3<14> intrinsic [0:13]
          egress::eg_intr_md.enq_congest_stat<2> intrinsic [0:1]
          egress::eg_intr_md._pad2<6> intrinsic [0:5] ]
    rotational clusters:	
        [[egress::eg_intr_md.enq_tstamp<18> intrinsic [8:17]]]
        [[egress::eg_intr_md._pad3<14> intrinsic [0:13]]]
        [[egress::eg_intr_md.enq_congest_stat<2> intrinsic [0:1]]]
        [[egress::eg_intr_md._pad2<6> intrinsic [0:5]]]
Successfully Allocated
By slicing into the following superclusters:
SUPERCLUSTER Uid: 2849
    slice lists:	
        [ egress::eg_intr_md.enq_tstamp<18> intrinsic [8:17]
          egress::eg_intr_md._pad3<14> intrinsic [0:13]
          egress::eg_intr_md.enq_congest_stat<2> intrinsic [0:1]
          egress::eg_intr_md._pad2<6> intrinsic [0:5] ]
    rotational clusters:	
        [[egress::eg_intr_md.enq_tstamp<18> intrinsic [8:17]]]
        [[egress::eg_intr_md._pad3<14> intrinsic [0:13]]]
        [[egress::eg_intr_md.enq_congest_stat<2> intrinsic [0:1]]]
        [[egress::eg_intr_md._pad2<6> intrinsic [0:5]]]

Best Score: {}
Allocation Decisions:
43: TRYING to allocate SUPERCLUSTER Uid: 1947
    slice lists:	
        [ egress::eg_intr_md.app_pool_congest_stat<8> intrinsic [0:7]
          egress::eg_intr_md.deq_congest_stat<2> intrinsic [0:1]
          egress::eg_intr_md._pad5<6> intrinsic [0:5] ]
    rotational clusters:	
        [[egress::eg_intr_md.app_pool_congest_stat<8> intrinsic [0:7]]]
        [[egress::eg_intr_md.deq_congest_stat<2> intrinsic [0:1]]]
        [[egress::eg_intr_md._pad5<6> intrinsic [0:5]]]
Successfully Allocated
By slicing into the following superclusters:
SUPERCLUSTER Uid: 2881
    slice lists:	
        [ egress::eg_intr_md.app_pool_congest_stat<8> intrinsic [0:7]
          egress::eg_intr_md.deq_congest_stat<2> intrinsic [0:1]
          egress::eg_intr_md._pad5<6> intrinsic [0:5] ]
    rotational clusters:	
        [[egress::eg_intr_md.app_pool_congest_stat<8> intrinsic [0:7]]]
        [[egress::eg_intr_md.deq_congest_stat<2> intrinsic [0:1]]]
        [[egress::eg_intr_md._pad5<6> intrinsic [0:5]]]

Best Score: {}
Allocation Decisions:
44: TRYING to allocate SUPERCLUSTER Uid: 1945
    slice lists:	
        [ egress::eg_intr_md.deq_timedelta<18> intrinsic [0:17]
          egress::eg_intr_md._pad6<14> intrinsic [0:13] ]
    rotational clusters:	
        [[egress::eg_intr_md.deq_timedelta<18> intrinsic [0:17]]]
        [[egress::eg_intr_md._pad6<14> intrinsic [0:13]]]
Successfully Allocated
By slicing into the following superclusters:
SUPERCLUSTER Uid: 2888
    slice lists:	
        [ egress::eg_intr_md.deq_timedelta<18> intrinsic [0:17]
          egress::eg_intr_md._pad6<14> intrinsic [0:13] ]
    rotational clusters:	
        [[egress::eg_intr_md.deq_timedelta<18> intrinsic [0:17]]]
        [[egress::eg_intr_md._pad6<14> intrinsic [0:13]]]

Best Score: {}
Allocation Decisions:
45: TRYING to allocate SUPERCLUSTER Uid: 1957
    slice lists:	
        [ egress::eg_intr_md.enq_qdepth<19> intrinsic [0:18]
          egress::eg_intr_md._pad1<5> intrinsic [0:4] ]
    rotational clusters:	
        [[egress::eg_intr_md.enq_qdepth<19> intrinsic [0:18]]]
        [[egress::eg_intr_md._pad1<5> intrinsic [0:4]]]
Successfully Allocated
By slicing into the following superclusters:
SUPERCLUSTER Uid: 2932
    slice lists:	
        [ egress::eg_intr_md.enq_qdepth<19> intrinsic [0:18]
          egress::eg_intr_md._pad1<5> intrinsic [0:4] ]
    rotational clusters:	
        [[egress::eg_intr_md.enq_qdepth<19> intrinsic [0:18]]]
        [[egress::eg_intr_md._pad1<5> intrinsic [0:4]]]

Best Score: {}
Allocation Decisions:
46: TRYING to allocate SUPERCLUSTER Uid: 1898
    slice lists:	[ ]
    rotational clusters:	
        [[ingress::meta.hash_value<17> meta [0:16]]]
Successfully Allocated
By slicing into the following superclusters:
SUPERCLUSTER Uid: 2963
    slice lists:	[ ]
    rotational clusters:	
        [[ingress::meta.hash_value<17> meta [0:15]]]

SUPERCLUSTER Uid: 2964
    slice lists:	[ ]
    rotational clusters:	
        [[ingress::meta.hash_value<17> meta [16:16]]]

Best Score: {[n_packing_bits: 1, n_packing_priority: 100000, n_inc_containers: 1, n_inc_small_containers: 1, ], }
Allocation Decisions:
allocate: H11[0:15] <- ingress::meta.hash_value<17> meta [0:15] @[-1r,8w]
allocate: B1[7:7] <- ingress::meta.hash_value<17> meta [16:16] @[-1r,8w]
47: TRYING to allocate SUPERCLUSTER Uid: 1899
    slice lists:	[ ]
    rotational clusters:	
        [[ingress::meta.hash_value2<17> meta [0:16]]]
Successfully Allocated
By slicing into the following superclusters:
SUPERCLUSTER Uid: 2987
    slice lists:	[ ]
    rotational clusters:	
        [[ingress::meta.hash_value2<17> meta [0:15]]]

SUPERCLUSTER Uid: 2988
    slice lists:	[ ]
    rotational clusters:	
        [[ingress::meta.hash_value2<17> meta [16:16]]]

Best Score: {[n_packing_bits: 1, n_packing_priority: 100000, n_inc_containers: 1, n_inc_small_containers: 1, ], }
Allocation Decisions:
allocate: H12[0:15] <- ingress::meta.hash_value2<17> meta [0:15] @[-1r,8w]
allocate: B7[7:7] <- ingress::meta.hash_value2<17> meta [16:16] @[-1r,8w]
48: TRYING to allocate SUPERCLUSTER Uid: 1900
    slice lists:	[ ]
    rotational clusters:	
        [[ingress::meta.hash_value3<17> meta [0:16]]]
Successfully Allocated
By slicing into the following superclusters:
SUPERCLUSTER Uid: 3000
    slice lists:	[ ]
    rotational clusters:	
        [[ingress::meta.hash_value3<17> meta [0:16]]]

Best Score: {[n_inc_containers: 1, ], }
Allocation Decisions:
allocate: W5[0:16] <- ingress::meta.hash_value3<17> meta [0:16] @[-1r,8w]
49: TRYING to allocate SUPERCLUSTER Uid: 1924
    slice lists:	[ ]
    rotational clusters:	
        [[ingress::first_in1_0<1> meta [0:0]]]
Successfully Allocated
By slicing into the following superclusters:
SUPERCLUSTER Uid: 3024
    slice lists:	[ ]
    rotational clusters:	
        [[ingress::first_in1_0<1> meta [0:0]]]

Best Score: {[n_packing_bits: 1, n_packing_priority: 100000, ], }
Allocation Decisions:
allocate: W5[17:17] <- ingress::first_in1_0<1> meta [0:0] @[-1r,8w]
50: TRYING to allocate SUPERCLUSTER Uid: 1925
    slice lists:	[ ]
    rotational clusters:	
        [[ingress::first_in2_0<1> meta [0:0]]]
Successfully Allocated
By slicing into the following superclusters:
SUPERCLUSTER Uid: 3025
    slice lists:	[ ]
    rotational clusters:	
        [[ingress::first_in2_0<1> meta [0:0]]]

Best Score: {[n_packing_bits: 1, n_packing_priority: 100000, ], }
Allocation Decisions:
allocate: W5[18:18] <- ingress::first_in2_0<1> meta [0:0] @[-1r,8w]
51: TRYING to allocate SUPERCLUSTER Uid: 1926
    slice lists:	[ ]
    rotational clusters:	
        [[ingress::first_in3_0<1> meta [0:0]]]
Successfully Allocated
By slicing into the following superclusters:
SUPERCLUSTER Uid: 3026
    slice lists:	[ ]
    rotational clusters:	
        [[ingress::first_in3_0<1> meta [0:0]]]

Best Score: {[n_packing_bits: 1, n_packing_priority: 100000, ], }
Allocation Decisions:
allocate: W5[19:19] <- ingress::first_in3_0<1> meta [0:0] @[-1r,8w]
52: TRYING to allocate SUPERCLUSTER Uid: 1932
    slice lists:	[ ]
    rotational clusters:	
        [[ingress::first_out1_0<1> meta [0:0]]]
Successfully Allocated
By slicing into the following superclusters:
SUPERCLUSTER Uid: 3027
    slice lists:	[ ]
    rotational clusters:	
        [[ingress::first_out1_0<1> meta [0:0]]]

Best Score: {[n_overlay_bits: 1, ], }
Allocation Decisions:
allocate: W5[17:17] <- ingress::first_out1_0<1> meta [0:0] @[-1r,8w]
53: TRYING to allocate SUPERCLUSTER Uid: 1933
    slice lists:	[ ]
    rotational clusters:	
        [[ingress::first_out2_0<1> meta [0:0]]]
Successfully Allocated
By slicing into the following superclusters:
SUPERCLUSTER Uid: 3028
    slice lists:	[ ]
    rotational clusters:	
        [[ingress::first_out2_0<1> meta [0:0]]]

Best Score: {[n_overlay_bits: 1, ], }
Allocation Decisions:
allocate: W5[18:18] <- ingress::first_out2_0<1> meta [0:0] @[-1r,8w]
54: TRYING to allocate SUPERCLUSTER Uid: 1934
    slice lists:	[ ]
    rotational clusters:	
        [[ingress::first_out3_0<1> meta [0:0]]]
Successfully Allocated
By slicing into the following superclusters:
SUPERCLUSTER Uid: 3029
    slice lists:	[ ]
    rotational clusters:	
        [[ingress::first_out3_0<1> meta [0:0]]]

Best Score: {[n_overlay_bits: 1, ], }
Allocation Decisions:
allocate: W5[19:19] <- ingress::first_out3_0<1> meta [0:0] @[-1r,8w]

