Table allocation done 1 time(s), state = INITIAL
Number of stages in table allocation: 12
  Number of stages for ingress table allocation: 12
  Number of stages for egress table allocation: 0
Critical path length through the table dependency graph: 8
Invoking table placement without container conflicts to generate a more compact placement.
Number of tables allocated: 34
+-------+---------------------------+
|Stage  |Table Name                 |
+-------+---------------------------+
|0      |tbl_bypass                 |
|0      |tbl_P4Zeek512              |
|0      |tbl_mirror                 |
|1      |tbl_remove_header          |
|1      |tbl_P4Zeek636              |
|1      |tbl_take_UDP_port          |
|1      |tbl_take_TCP_port          |
|2      |tbl_bypass_0               |
|3      |Ingress.malware_detection  |
|4      |Ingress.Payload_check      |
|5      |tbl_hash3_do_hash_0        |
|5      |tbl_hash2_do_hash_0        |
|5      |tbl_hash_do_hash_0         |
|5      |Ingress.L3_forward         |
|5      |tbl_drop                   |
|6      |tbl_hash3_do_hash          |
|6      |tbl_hash2_do_hash          |
|6      |tbl_hash_do_hash           |
|7      |tbl_P4Zeek578              |
|7      |tbl_P4Zeek611              |
|8      |tbl_P4Zeek577              |
|8      |tbl_P4Zeek610              |
|9      |tbl_P4Zeek576              |
|9      |tbl_P4Zeek609              |
|10     |tbl_P4Zeek591              |
|10     |tbl_P4Zeek584              |
|10     |tbl_P4Zeek587              |
|10     |tbl_P4Zeek624              |
|10     |tbl_P4Zeek620              |
|11     |tbl_P4Zeek629              |
|11     |tbl_set_recirculate        |
|11     |tbl_mirror_0               |
|11     |tbl_P4Zeek596              |
|11     |tbl_add_header             |
|0      |cond-16                    |
|1      |cond-17                    |
|1      |cond-18                    |
|3      |cond-19                    |
|4      |cond-20                    |
|5      |cond-21                    |
|5      |cond-22                    |
|5      |cond-23                    |
|6      |cond-24                    |
|10     |cond-25                    |
|10     |cond-26                    |
|11     |cond-27                    |
|10     |cond-28                    |
|10     |cond-29                    |
|11     |cond-30                    |
+-------+---------------------------+

Table allocation done 2 time(s), state = NOCC_TRY1
Number of stages in table allocation: 11
  Number of stages for ingress table allocation: 11
  Number of stages for egress table allocation: 0
Critical path length through the table dependency graph: 8
Number of tables allocated: 36
+-------+---------------------------+
|Stage  |Table Name                 |
+-------+---------------------------+
|0      |tbl_bypass                 |
|0      |tbl_P4Zeek512              |
|0      |tbl_mirror                 |
|0      |tbl_remove_header          |
|0      |tbl_take_UDP_port          |
|0      |tbl_take_TCP_port          |
|1      |tbl_bypass_0               |
|1      |tbl_P4Zeek636              |
|2      |Ingress.malware_detection  |
|3      |Ingress.Payload_check      |
|4      |tbl_hash3_do_hash_0        |
|4      |tbl_hash2_do_hash_0        |
|4      |tbl_hash_do_hash_0         |
|4      |Ingress.L3_forward         |
|4      |tbl_drop                   |
|5      |tbl_hash3_do_hash          |
|5      |tbl_hash2_do_hash          |
|5      |tbl_hash_do_hash           |
|6      |tbl_P4Zeek578              |
|6      |tbl_P4Zeek611              |
|6      |tbl_P4Zeek577              |
|7      |tbl_P4Zeek577              |
|6      |tbl_P4Zeek576              |
|8      |tbl_P4Zeek576              |
|7      |tbl_P4Zeek610              |
|8      |tbl_P4Zeek609              |
|9      |tbl_P4Zeek591              |
|9      |tbl_P4Zeek584              |
|9      |tbl_P4Zeek587              |
|9      |tbl_P4Zeek624              |
|9      |tbl_P4Zeek620              |
|10     |tbl_P4Zeek629              |
|10     |tbl_set_recirculate        |
|10     |tbl_mirror_0               |
|10     |tbl_P4Zeek596              |
|10     |tbl_add_header             |
|0      |cond-16                    |
|0      |cond-17                    |
|0      |cond-18                    |
|2      |cond-19                    |
|3      |cond-20                    |
|4      |cond-21                    |
|4      |cond-22                    |
|4      |cond-23                    |
|5      |cond-24                    |
|9      |cond-25                    |
|9      |cond-26                    |
|10     |cond-27                    |
|9      |cond-28                    |
|9      |cond-29                    |
|10     |cond-30                    |
+-------+---------------------------+

Table allocation done 3 time(s), state = REDO_PHV1
Number of stages in table allocation: 12
  Number of stages for ingress table allocation: 12
  Number of stages for egress table allocation: 0
Critical path length through the table dependency graph: 8
Number of tables allocated: 34
+-------+---------------------------+
|Stage  |Table Name                 |
+-------+---------------------------+
|0      |tbl_bypass                 |
|0      |tbl_P4Zeek512              |
|0      |tbl_mirror                 |
|1      |tbl_remove_header          |
|1      |tbl_P4Zeek636              |
|1      |tbl_take_UDP_port          |
|1      |tbl_take_TCP_port          |
|2      |tbl_bypass_0               |
|3      |Ingress.malware_detection  |
|4      |Ingress.Payload_check      |
|5      |tbl_hash3_do_hash_0        |
|5      |tbl_hash2_do_hash_0        |
|5      |tbl_hash_do_hash_0         |
|5      |Ingress.L3_forward         |
|5      |tbl_drop                   |
|6      |tbl_hash3_do_hash          |
|6      |tbl_hash2_do_hash          |
|6      |tbl_hash_do_hash           |
|7      |tbl_P4Zeek578              |
|7      |tbl_P4Zeek611              |
|8      |tbl_P4Zeek577              |
|8      |tbl_P4Zeek610              |
|9      |tbl_P4Zeek576              |
|9      |tbl_P4Zeek609              |
|10     |tbl_P4Zeek591              |
|10     |tbl_P4Zeek584              |
|10     |tbl_P4Zeek587              |
|10     |tbl_P4Zeek624              |
|10     |tbl_P4Zeek620              |
|11     |tbl_P4Zeek629              |
|11     |tbl_set_recirculate        |
|11     |tbl_mirror_0               |
|11     |tbl_P4Zeek596              |
|11     |tbl_add_header             |
|0      |cond-16                    |
|1      |cond-17                    |
|1      |cond-18                    |
|3      |cond-19                    |
|4      |cond-20                    |
|5      |cond-21                    |
|5      |cond-22                    |
|5      |cond-23                    |
|6      |cond-24                    |
|10     |cond-25                    |
|10     |cond-26                    |
|11     |cond-27                    |
|10     |cond-28                    |
|10     |cond-29                    |
|11     |cond-30                    |
+-------+---------------------------+

